{"/home/jread/debtpanel/partner-link/src/index.ts": {"path":"/home/jread/debtpanel/partner-link/src/index.ts","statementMap":{"0":{"start":{"line":1,"column":0},"end":{"line":1,"column":53}},"1":{"start":{"line":2,"column":0},"end":{"line":2,"column":66}},"2":{"start":{"line":4,"column":0},"end":{"line":4,"column":24}},"3":{"start":{"line":12,"column":4},"end":{"line":14,"column":5}},"4":{"start":{"line":13,"column":6},"end":{"line":13,"column":63}},"5":{"start":{"line":15,"column":4},"end":{"line":15,"column":35}},"6":{"start":{"line":16,"column":4},"end":{"line":16,"column":16}},"7":{"start":{"line":20,"column":4},"end":{"line":20,"column":59}},"8":{"start":{"line":21,"column":4},"end":{"line":21,"column":55}},"9":{"start":{"line":6,"column":0},"end":{"line":23,"column":1}}},"fnMap":{"0":{"name":"(anonymous_1)","decl":{"start":{"line":11,"column":2},"end":{"line":11,"column":13}},"loc":{"start":{"line":11,"column":30},"end":{"line":17,"column":3}}},"1":{"name":"(anonymous_2)","decl":{"start":{"line":19,"column":10},"end":{"line":19,"column":13}},"loc":{"start":{"line":19,"column":14},"end":{"line":22,"column":3}}}},"branchMap":{"0":{"loc":{"start":{"line":12,"column":4},"end":{"line":14,"column":5}},"type":"if","locations":[{"start":{"line":12,"column":4},"end":{"line":14,"column":5}},{"start":{"line":12,"column":4},"end":{"line":14,"column":5}}]},"1":{"loc":{"start":{"line":12,"column":8},"end":{"line":12,"column":20}},"type":"binary-expr","locations":[{"start":{"line":12,"column":8},"end":{"line":12,"column":20}},{"start":{"line":12,"column":24},"end":{"line":12,"column":70}}]}},"s":{"0":1,"1":1,"2":1,"3":2,"4":2,"5":0,"6":0,"7":0,"8":0,"9":1},"f":{"0":2,"1":0},"b":{"0":[2,0],"1":[2,0]}}
,"/home/jread/debtpanel/partner-link/src/services/credentials.ts": {"path":"/home/jread/debtpanel/partner-link/src/services/credentials.ts","statementMap":{"0":{"start":{"line":1,"column":0},"end":{"line":1,"column":67}},"1":{"start":{"line":7,"column":4},"end":{"line":9,"column":5}},"2":{"start":{"line":8,"column":6},"end":{"line":8,"column":63}},"3":{"start":{"line":11,"column":4},"end":{"line":11,"column":35}},"4":{"start":{"line":3,"column":0},"end":{"line":13,"column":1}}},"fnMap":{"0":{"name":"(anonymous_0)","decl":{"start":{"line":6,"column":2},"end":{"line":6,"column":13}},"loc":{"start":{"line":6,"column":30},"end":{"line":12,"column":3}}}},"branchMap":{"0":{"loc":{"start":{"line":7,"column":4},"end":{"line":9,"column":5}},"type":"if","locations":[{"start":{"line":7,"column":4},"end":{"line":9,"column":5}},{"start":{"line":7,"column":4},"end":{"line":9,"column":5}}]},"1":{"loc":{"start":{"line":7,"column":8},"end":{"line":7,"column":20}},"type":"binary-expr","locations":[{"start":{"line":7,"column":8},"end":{"line":7,"column":20}},{"start":{"line":7,"column":24},"end":{"line":7,"column":70}}]}},"s":{"0":2,"1":2,"2":2,"3":0,"4":2},"f":{"0":2},"b":{"0":[2,0],"1":[2,0]}}
,"/home/jread/debtpanel/partner-link/src/services/credit-search.ts": {"path":"/home/jread/debtpanel/partner-link/src/services/credit-search.ts","statementMap":{"0":{"start":{"line":1,"column":0},"end":{"line":1,"column":35}},"1":{"start":{"line":2,"column":0},"end":{"line":8,"column":24}},"2":{"start":{"line":9,"column":0},"end":{"line":15,"column":17}},"3":{"start":{"line":28,"column":4},"end":{"line":63,"column":9}},"4":{"start":{"line":30,"column":8},"end":{"line":35,"column":9}},"5":{"start":{"line":38,"column":8},"end":{"line":40,"column":9}},"6":{"start":{"line":43,"column":8},"end":{"line":50,"column":9}},"7":{"start":{"line":44,"column":10},"end":{"line":49,"column":12}},"8":{"start":{"line":52,"column":8},"end":{"line":52,"column":29}},"9":{"start":{"line":55,"column":8},"end":{"line":62,"column":10}},"10":{"start":{"line":76,"column":4},"end":{"line":97,"column":9}},"11":{"start":{"line":78,"column":8},"end":{"line":83,"column":9}},"12":{"start":{"line":79,"column":10},"end":{"line":82,"column":12}},"13":{"start":{"line":85,"column":8},"end":{"line":85,"column":25}},"14":{"start":{"line":88,"column":8},"end":{"line":88,"column":73}},"15":{"start":{"line":88,"column":45},"end":{"line":88,"column":71}},"16":{"start":{"line":91,"column":8},"end":{"line":96,"column":10}},"17":{"start":{"line":109,"column":4},"end":{"line":139,"column":9}},"18":{"start":{"line":111,"column":8},"end":{"line":111,"column":72}},"19":{"start":{"line":114,"column":8},"end":{"line":119,"column":9}},"20":{"start":{"line":122,"column":8},"end":{"line":124,"column":9}},"21":{"start":{"line":127,"column":8},"end":{"line":132,"column":12}},"22":{"start":{"line":128,"column":22},"end":{"line":128,"column":46}},"23":{"start":{"line":130,"column":12},"end":{"line":130,"column":44}},"24":{"start":{"line":131,"column":12},"end":{"line":131,"column":37}},"25":{"start":{"line":135,"column":8},"end":{"line":138,"column":10}},"26":{"start":{"line":143,"column":4},"end":{"line":154,"column":8}},"27":{"start":{"line":145,"column":8},"end":{"line":150,"column":9}},"28":{"start":{"line":153,"column":8},"end":{"line":153,"column":79}},"29":{"start":{"line":17,"column":0},"end":{"line":156,"column":1}}},"fnMap":{"0":{"name":"(anonymous_0)","decl":{"start":{"line":25,"column":9},"end":{"line":25,"column":20}},"loc":{"start":{"line":26,"column":32},"end":{"line":64,"column":3}}},"1":{"name":"(anonymous_1)","decl":{"start":{"line":29,"column":12},"end":{"line":29,"column":18}},"loc":{"start":{"line":30,"column":8},"end":{"line":35,"column":9}}},"2":{"name":"(anonymous_2)","decl":{"start":{"line":37,"column":12},"end":{"line":37,"column":24}},"loc":{"start":{"line":38,"column":8},"end":{"line":40,"column":9}}},"3":{"name":"(anonymous_3)","decl":{"start":{"line":42,"column":12},"end":{"line":42,"column":24}},"loc":{"start":{"line":42,"column":28},"end":{"line":53,"column":7}}},"4":{"name":"(anonymous_4)","decl":{"start":{"line":54,"column":13},"end":{"line":54,"column":14}},"loc":{"start":{"line":54,"column":17},"end":{"line":63,"column":7}}},"5":{"name":"(anonymous_5)","decl":{"start":{"line":73,"column":9},"end":{"line":73,"column":30}},"loc":{"start":{"line":74,"column":36},"end":{"line":98,"column":3}}},"6":{"name":"(anonymous_6)","decl":{"start":{"line":77,"column":12},"end":{"line":77,"column":20}},"loc":{"start":{"line":77,"column":24},"end":{"line":86,"column":7}}},"7":{"name":"(anonymous_7)","decl":{"start":{"line":87,"column":12},"end":{"line":87,"column":20}},"loc":{"start":{"line":88,"column":8},"end":{"line":88,"column":73}}},"8":{"name":"(anonymous_8)","decl":{"start":{"line":88,"column":34},"end":{"line":88,"column":40}},"loc":{"start":{"line":88,"column":45},"end":{"line":88,"column":71}}},"9":{"name":"(anonymous_9)","decl":{"start":{"line":90,"column":13},"end":{"line":90,"column":14}},"loc":{"start":{"line":90,"column":17},"end":{"line":97,"column":7}}},"10":{"name":"(anonymous_10)","decl":{"start":{"line":106,"column":9},"end":{"line":106,"column":26}},"loc":{"start":{"line":107,"column":30},"end":{"line":140,"column":3}}},"11":{"name":"(anonymous_11)","decl":{"start":{"line":110,"column":12},"end":{"line":110,"column":17}},"loc":{"start":{"line":111,"column":8},"end":{"line":111,"column":72}}},"12":{"name":"(anonymous_12)","decl":{"start":{"line":113,"column":12},"end":{"line":113,"column":28}},"loc":{"start":{"line":114,"column":8},"end":{"line":119,"column":9}}},"13":{"name":"(anonymous_13)","decl":{"start":{"line":121,"column":12},"end":{"line":121,"column":23}},"loc":{"start":{"line":122,"column":8},"end":{"line":124,"column":9}}},"14":{"name":"(anonymous_14)","decl":{"start":{"line":126,"column":12},"end":{"line":126,"column":28}},"loc":{"start":{"line":127,"column":8},"end":{"line":132,"column":12}}},"15":{"name":"(anonymous_15)","decl":{"start":{"line":128,"column":16},"end":{"line":128,"column":17}},"loc":{"start":{"line":128,"column":22},"end":{"line":128,"column":46}}},"16":{"name":"(anonymous_16)","decl":{"start":{"line":129,"column":16},"end":{"line":129,"column":19}},"loc":{"start":{"line":129,"column":23},"end":{"line":132,"column":11}}},"17":{"name":"(anonymous_17)","decl":{"start":{"line":134,"column":13},"end":{"line":134,"column":14}},"loc":{"start":{"line":134,"column":17},"end":{"line":139,"column":7}}},"18":{"name":"(anonymous_18)","decl":{"start":{"line":142,"column":9},"end":{"line":142,"column":23}},"loc":{"start":{"line":142,"column":35},"end":{"line":155,"column":3}}},"19":{"name":"(anonymous_19)","decl":{"start":{"line":144,"column":12},"end":{"line":144,"column":13}},"loc":{"start":{"line":145,"column":8},"end":{"line":150,"column":9}}},"20":{"name":"(anonymous_20)","decl":{"start":{"line":152,"column":12},"end":{"line":152,"column":17}},"loc":{"start":{"line":153,"column":8},"end":{"line":153,"column":79}}}},"branchMap":{"0":{"loc":{"start":{"line":43,"column":8},"end":{"line":50,"column":9}},"type":"if","locations":[{"start":{"line":43,"column":8},"end":{"line":50,"column":9}},{"start":{"line":43,"column":8},"end":{"line":50,"column":9}}]},"1":{"loc":{"start":{"line":57,"column":14},"end":{"line":59,"column":31}},"type":"cond-expr","locations":[{"start":{"line":57,"column":14},"end":{"line":59,"column":31}},{"start":{"line":60,"column":14},"end":{"line":60,"column":23}}]},"2":{"loc":{"start":{"line":61,"column":33},"end":{"line":61,"column":36}},"type":"cond-expr","locations":[{"start":{"line":61,"column":33},"end":{"line":61,"column":36}},{"start":{"line":61,"column":39},"end":{"line":61,"column":45}}]},"3":{"loc":{"start":{"line":78,"column":8},"end":{"line":83,"column":9}},"type":"if","locations":[{"start":{"line":78,"column":8},"end":{"line":83,"column":9}},{"start":{"line":78,"column":8},"end":{"line":83,"column":9}}]},"4":{"loc":{"start":{"line":93,"column":14},"end":{"line":93,"column":61}},"type":"cond-expr","locations":[{"start":{"line":93,"column":14},"end":{"line":93,"column":61}},{"start":{"line":94,"column":14},"end":{"line":94,"column":23}}]},"5":{"loc":{"start":{"line":95,"column":33},"end":{"line":95,"column":36}},"type":"cond-expr","locations":[{"start":{"line":95,"column":33},"end":{"line":95,"column":36}},{"start":{"line":95,"column":39},"end":{"line":95,"column":45}}]},"6":{"loc":{"start":{"line":136,"column":33},"end":{"line":136,"column":64}},"type":"cond-expr","locations":[{"start":{"line":136,"column":33},"end":{"line":136,"column":64}},{"start":{"line":136,"column":67},"end":{"line":136,"column":76}}]},"7":{"loc":{"start":{"line":137,"column":33},"end":{"line":137,"column":36}},"type":"cond-expr","locations":[{"start":{"line":137,"column":33},"end":{"line":137,"column":36}},{"start":{"line":137,"column":39},"end":{"line":137,"column":45}}]}},"s":{"0":2,"1":2,"2":2,"3":0,"4":0,"5":0,"6":0,"7":0,"8":0,"9":0,"10":0,"11":0,"12":0,"13":0,"14":0,"15":0,"16":0,"17":0,"18":0,"19":0,"20":0,"21":0,"22":0,"23":0,"24":0,"25":0,"26":0,"27":0,"28":0,"29":2},"f":{"0":0,"1":0,"2":0,"3":0,"4":0,"5":0,"6":0,"7":0,"8":0,"9":0,"10":0,"11":0,"12":0,"13":0,"14":0,"15":0,"16":0,"17":0,"18":0,"19":0,"20":0},"b":{"0":[0,0],"1":[0,0],"2":[0,0],"3":[0,0],"4":[0,0],"5":[0,0],"6":[0,0],"7":[0,0]}}
,"/home/jread/debtpanel/partner-link/src/services/index.ts": {"path":"/home/jread/debtpanel/partner-link/src/services/index.ts","statementMap":{"0":{"start":{"line":1,"column":0},"end":{"line":1,"column":46}},"1":{"start":{"line":1,"column":9},"end":{"line":1,"column":21}},"2":{"start":{"line":2,"column":0},"end":{"line":2,"column":41}},"3":{"start":{"line":2,"column":9},"end":{"line":2,"column":19}}},"fnMap":{},"branchMap":{},"s":{"0":1,"1":1,"2":1,"3":1},"f":{},"b":{}}
,"/home/jread/debtpanel/partner-link/src/services/service.ts": {"path":"/home/jread/debtpanel/partner-link/src/services/service.ts","statementMap":{"0":{"start":{"line":1,"column":0},"end":{"line":1,"column":49}},"1":{"start":{"line":3,"column":0},"end":{"line":3,"column":50}},"2":{"start":{"line":10,"column":4},"end":{"line":10,"column":23}},"3":{"start":{"line":7,"column":10},"end":{"line":7,"column":34}},"4":{"start":{"line":11,"column":4},"end":{"line":11,"column":18}},"5":{"start":{"line":20,"column":25},"end":{"line":29,"column":5}},"6":{"start":{"line":30,"column":4},"end":{"line":32,"column":5}},"7":{"start":{"line":31,"column":6},"end":{"line":31,"column":27}},"8":{"start":{"line":33,"column":4},"end":{"line":38,"column":7}},"9":{"start":{"line":34,"column":6},"end":{"line":36,"column":7}},"10":{"start":{"line":35,"column":8},"end":{"line":35,"column":28}},"11":{"start":{"line":37,"column":6},"end":{"line":37,"column":20}},"12":{"start":{"line":46,"column":20},"end":{"line":56,"column":5}},"13":{"start":{"line":57,"column":4},"end":{"line":59,"column":5}},"14":{"start":{"line":58,"column":6},"end":{"line":58,"column":27}},"15":{"start":{"line":60,"column":4},"end":{"line":65,"column":7}},"16":{"start":{"line":61,"column":6},"end":{"line":63,"column":7}},"17":{"start":{"line":62,"column":8},"end":{"line":62,"column":28}},"18":{"start":{"line":64,"column":6},"end":{"line":64,"column":20}},"19":{"start":{"line":73,"column":20},"end":{"line":81,"column":5}},"20":{"start":{"line":82,"column":4},"end":{"line":84,"column":5}},"21":{"start":{"line":83,"column":6},"end":{"line":83,"column":27}},"22":{"start":{"line":85,"column":4},"end":{"line":90,"column":7}},"23":{"start":{"line":86,"column":6},"end":{"line":88,"column":7}},"24":{"start":{"line":87,"column":8},"end":{"line":87,"column":28}},"25":{"start":{"line":89,"column":6},"end":{"line":89,"column":20}},"26":{"start":{"line":94,"column":4},"end":{"line":96,"column":5}},"27":{"start":{"line":95,"column":6},"end":{"line":95,"column":31}},"28":{"start":{"line":100,"column":20},"end":{"line":109,"column":5}},"29":{"start":{"line":110,"column":4},"end":{"line":113,"column":7}},"30":{"start":{"line":111,"column":6},"end":{"line":111,"column":37}},"31":{"start":{"line":112,"column":6},"end":{"line":112,"column":22}},"32":{"start":{"line":117,"column":4},"end":{"line":117,"column":44}},"33":{"start":{"line":6,"column":0},"end":{"line":119,"column":1}}},"fnMap":{"0":{"name":"(anonymous_6)","decl":{"start":{"line":9,"column":2},"end":{"line":9,"column":13}},"loc":{"start":{"line":9,"column":49},"end":{"line":12,"column":3}}},"1":{"name":"(anonymous_7)","decl":{"start":{"line":14,"column":12},"end":{"line":14,"column":22}},"loc":{"start":{"line":18,"column":18},"end":{"line":39,"column":3}}},"2":{"name":"(anonymous_8)","decl":{"start":{"line":33,"column":33},"end":{"line":33,"column":38}},"loc":{"start":{"line":33,"column":42},"end":{"line":38,"column":5}}},"3":{"name":"(anonymous_9)","decl":{"start":{"line":41,"column":18},"end":{"line":41,"column":33}},"loc":{"start":{"line":44,"column":16},"end":{"line":66,"column":3}}},"4":{"name":"(anonymous_11)","decl":{"start":{"line":60,"column":33},"end":{"line":60,"column":38}},"loc":{"start":{"line":60,"column":42},"end":{"line":65,"column":5}}},"5":{"name":"(anonymous_12)","decl":{"start":{"line":68,"column":12},"end":{"line":68,"column":22}},"loc":{"start":{"line":71,"column":16},"end":{"line":91,"column":3}}},"6":{"name":"(anonymous_13)","decl":{"start":{"line":85,"column":33},"end":{"line":85,"column":38}},"loc":{"start":{"line":85,"column":42},"end":{"line":90,"column":5}}},"7":{"name":"(anonymous_14)","decl":{"start":{"line":93,"column":12},"end":{"line":93,"column":14}},"loc":{"start":{"line":93,"column":34},"end":{"line":97,"column":3}}},"8":{"name":"(anonymous_15)","decl":{"start":{"line":99,"column":10},"end":{"line":99,"column":15}},"loc":{"start":{"line":99,"column":16},"end":{"line":114,"column":3}}},"9":{"name":"(anonymous_16)","decl":{"start":{"line":110,"column":33},"end":{"line":110,"column":38}},"loc":{"start":{"line":110,"column":42},"end":{"line":113,"column":5}}},"10":{"name":"(anonymous_17)","decl":{"start":{"line":116,"column":10},"end":{"line":116,"column":24}},"loc":{"start":{"line":116,"column":38},"end":{"line":118,"column":3}}}},"branchMap":{"0":{"loc":{"start":{"line":30,"column":4},"end":{"line":32,"column":5}},"type":"if","locations":[{"start":{"line":30,"column":4},"end":{"line":32,"column":5}},{"start":{"line":30,"column":4},"end":{"line":32,"column":5}}]},"1":{"loc":{"start":{"line":34,"column":6},"end":{"line":36,"column":7}},"type":"if","locations":[{"start":{"line":34,"column":6},"end":{"line":36,"column":7}},{"start":{"line":34,"column":6},"end":{"line":36,"column":7}}]},"2":{"loc":{"start":{"line":52,"column":48},"end":{"line":52,"column":56}},"type":"cond-expr","locations":[{"start":{"line":52,"column":48},"end":{"line":52,"column":56}},{"start":{"line":52,"column":59},"end":{"line":52,"column":78}}]},"3":{"loc":{"start":{"line":57,"column":4},"end":{"line":59,"column":5}},"type":"if","locations":[{"start":{"line":57,"column":4},"end":{"line":59,"column":5}},{"start":{"line":57,"column":4},"end":{"line":59,"column":5}}]},"4":{"loc":{"start":{"line":61,"column":6},"end":{"line":63,"column":7}},"type":"if","locations":[{"start":{"line":61,"column":6},"end":{"line":63,"column":7}},{"start":{"line":61,"column":6},"end":{"line":63,"column":7}}]},"5":{"loc":{"start":{"line":82,"column":4},"end":{"line":84,"column":5}},"type":"if","locations":[{"start":{"line":82,"column":4},"end":{"line":84,"column":5}},{"start":{"line":82,"column":4},"end":{"line":84,"column":5}}]},"6":{"loc":{"start":{"line":86,"column":6},"end":{"line":88,"column":7}},"type":"if","locations":[{"start":{"line":86,"column":6},"end":{"line":88,"column":7}},{"start":{"line":86,"column":6},"end":{"line":88,"column":7}}]},"7":{"loc":{"start":{"line":94,"column":4},"end":{"line":96,"column":5}},"type":"if","locations":[{"start":{"line":94,"column":4},"end":{"line":96,"column":5}},{"start":{"line":94,"column":4},"end":{"line":96,"column":5}}]}},"s":{"0":2,"1":2,"2":2,"3":0,"4":0,"5":0,"6":0,"7":0,"8":0,"9":0,"10":0,"11":0,"12":0,"13":0,"14":0,"15":0,"16":0,"17":0,"18":0,"19":0,"20":0,"21":0,"22":0,"23":0,"24":0,"25":0,"26":0,"27":0,"28":0,"29":0,"30":0,"31":0,"32":0,"33":2},"f":{"0":2,"1":0,"2":0,"3":0,"4":0,"5":0,"6":0,"7":0,"8":0,"9":0,"10":0},"b":{"0":[0,0],"1":[0,0],"2":[0,0],"3":[0,0],"4":[0,0],"5":[0,0],"6":[0,0],"7":[0,0]}}
,"/home/jread/debtpanel/partner-link/src/services/submission.ts": {"path":"/home/jread/debtpanel/partner-link/src/services/submission.ts","statementMap":{"0":{"start":{"line":1,"column":0},"end":{"line":1,"column":32}},"1":{"start":{"line":3,"column":0},"end":{"line":10,"column":24}},"2":{"start":{"line":11,"column":0},"end":{"line":20,"column":17}},"3":{"start":{"line":21,"column":0},"end":{"line":21,"column":35}},"4":{"start":{"line":24,"column":10},"end":{"line":26,"column":17}},"5":{"start":{"line":29,"column":20},"end":{"line":29,"column":52}},"6":{"start":{"line":30,"column":4},"end":{"line":30,"column":41}},"7":{"start":{"line":32,"column":4},"end":{"line":52,"column":9}},"8":{"start":{"line":34,"column":8},"end":{"line":40,"column":9}},"9":{"start":{"line":43,"column":8},"end":{"line":43,"column":71}},"10":{"start":{"line":46,"column":8},"end":{"line":46,"column":38}},"11":{"start":{"line":48,"column":8},"end":{"line":51,"column":10}},"12":{"start":{"line":59,"column":4},"end":{"line":59,"column":57}},"13":{"start":{"line":60,"column":20},"end":{"line":60,"column":52}},"14":{"start":{"line":61,"column":4},"end":{"line":78,"column":9}},"15":{"start":{"line":63,"column":8},"end":{"line":69,"column":10}},"16":{"start":{"line":70,"column":8},"end":{"line":70,"column":20}},"17":{"start":{"line":73,"column":8},"end":{"line":73,"column":36}},"18":{"start":{"line":74,"column":8},"end":{"line":77,"column":10}},"19":{"start":{"line":85,"column":4},"end":{"line":85,"column":49}},"20":{"start":{"line":86,"column":20},"end":{"line":86,"column":52}},"21":{"start":{"line":87,"column":4},"end":{"line":104,"column":9}},"22":{"start":{"line":89,"column":8},"end":{"line":95,"column":9}},"23":{"start":{"line":97,"column":22},"end":{"line":97,"column":37}},"24":{"start":{"line":99,"column":8},"end":{"line":99,"column":32}},"25":{"start":{"line":100,"column":8},"end":{"line":103,"column":10}},"26":{"start":{"line":111,"column":4},"end":{"line":111,"column":57}},"27":{"start":{"line":113,"column":20},"end":{"line":113,"column":52}},"28":{"start":{"line":114,"column":4},"end":{"line":131,"column":9}},"29":{"start":{"line":116,"column":8},"end":{"line":122,"column":9}},"30":{"start":{"line":124,"column":23},"end":{"line":124,"column":38}},"31":{"start":{"line":126,"column":8},"end":{"line":126,"column":36}},"32":{"start":{"line":127,"column":8},"end":{"line":130,"column":10}},"33":{"start":{"line":138,"column":4},"end":{"line":138,"column":55}},"34":{"start":{"line":139,"column":4},"end":{"line":151,"column":9}},"35":{"start":{"line":140,"column":23},"end":{"line":140,"column":38}},"36":{"start":{"line":142,"column":8},"end":{"line":142,"column":35}},"37":{"start":{"line":143,"column":8},"end":{"line":150,"column":10}},"38":{"start":{"line":158,"column":4},"end":{"line":158,"column":57}},"39":{"start":{"line":160,"column":4},"end":{"line":172,"column":9}},"40":{"start":{"line":161,"column":28},"end":{"line":161,"column":67}},"41":{"start":{"line":163,"column":23},"end":{"line":163,"column":38}},"42":{"start":{"line":165,"column":8},"end":{"line":165,"column":36}},"43":{"start":{"line":166,"column":20},"end":{"line":169,"column":9}},"44":{"start":{"line":170,"column":8},"end":{"line":170,"column":50}},"45":{"start":{"line":171,"column":8},"end":{"line":171,"column":18}},"46":{"start":{"line":179,"column":4},"end":{"line":179,"column":55}},"47":{"start":{"line":180,"column":20},"end":{"line":180,"column":52}},"48":{"start":{"line":181,"column":4},"end":{"line":204,"column":9}},"49":{"start":{"line":183,"column":8},"end":{"line":192,"column":9}},"50":{"start":{"line":194,"column":23},"end":{"line":194,"column":38}},"51":{"start":{"line":196,"column":8},"end":{"line":196,"column":35}},"52":{"start":{"line":198,"column":8},"end":{"line":203,"column":10}},"53":{"start":{"line":23,"column":0},"end":{"line":206,"column":1}}},"fnMap":{"0":{"name":"(anonymous_0)","decl":{"start":{"line":23,"column":0},"end":{"line":null,"column":-1}},"loc":{"start":{"line":23,"column":0},"end":{"line":206,"column":1}}},"1":{"name":"(anonymous_1)","decl":{"start":{"line":28,"column":9},"end":{"line":28,"column":22}},"loc":{"start":{"line":28,"column":38},"end":{"line":53,"column":3}}},"2":{"name":"(anonymous_2)","decl":{"start":{"line":33,"column":12},"end":{"line":33,"column":19}},"loc":{"start":{"line":34,"column":8},"end":{"line":40,"column":9}}},"3":{"name":"(anonymous_3)","decl":{"start":{"line":42,"column":12},"end":{"line":42,"column":21}},"loc":{"start":{"line":43,"column":8},"end":{"line":43,"column":71}}},"4":{"name":"(anonymous_4)","decl":{"start":{"line":45,"column":13},"end":{"line":45,"column":14}},"loc":{"start":{"line":45,"column":17},"end":{"line":52,"column":7}}},"5":{"name":"(anonymous_5)","decl":{"start":{"line":55,"column":9},"end":{"line":55,"column":20}},"loc":{"start":{"line":57,"column":42},"end":{"line":79,"column":3}}},"6":{"name":"(anonymous_6)","decl":{"start":{"line":62,"column":12},"end":{"line":62,"column":13}},"loc":{"start":{"line":62,"column":36},"end":{"line":71,"column":7}}},"7":{"name":"(anonymous_7)","decl":{"start":{"line":72,"column":13},"end":{"line":72,"column":14}},"loc":{"start":{"line":72,"column":17},"end":{"line":78,"column":7}}},"8":{"name":"(anonymous_8)","decl":{"start":{"line":81,"column":9},"end":{"line":81,"column":16}},"loc":{"start":{"line":83,"column":22},"end":{"line":105,"column":3}}},"9":{"name":"(anonymous_9)","decl":{"start":{"line":88,"column":12},"end":{"line":88,"column":13}},"loc":{"start":{"line":89,"column":8},"end":{"line":95,"column":9}}},"10":{"name":"(anonymous_10)","decl":{"start":{"line":97,"column":12},"end":{"line":97,"column":17}},"loc":{"start":{"line":97,"column":22},"end":{"line":97,"column":37}}},"11":{"name":"(anonymous_11)","decl":{"start":{"line":98,"column":13},"end":{"line":98,"column":14}},"loc":{"start":{"line":98,"column":17},"end":{"line":104,"column":7}}},"12":{"name":"(anonymous_12)","decl":{"start":{"line":107,"column":9},"end":{"line":107,"column":20}},"loc":{"start":{"line":109,"column":25},"end":{"line":132,"column":3}}},"13":{"name":"(anonymous_13)","decl":{"start":{"line":115,"column":12},"end":{"line":115,"column":13}},"loc":{"start":{"line":116,"column":8},"end":{"line":122,"column":9}}},"14":{"name":"(anonymous_14)","decl":{"start":{"line":124,"column":12},"end":{"line":124,"column":18}},"loc":{"start":{"line":124,"column":23},"end":{"line":124,"column":38}}},"15":{"name":"(anonymous_15)","decl":{"start":{"line":125,"column":13},"end":{"line":125,"column":14}},"loc":{"start":{"line":125,"column":17},"end":{"line":131,"column":7}}},"16":{"name":"(anonymous_16)","decl":{"start":{"line":134,"column":9},"end":{"line":134,"column":19}},"loc":{"start":{"line":136,"column":22},"end":{"line":152,"column":3}}},"17":{"name":"(anonymous_17)","decl":{"start":{"line":140,"column":12},"end":{"line":140,"column":18}},"loc":{"start":{"line":140,"column":23},"end":{"line":140,"column":38}}},"18":{"name":"(anonymous_18)","decl":{"start":{"line":141,"column":13},"end":{"line":141,"column":14}},"loc":{"start":{"line":141,"column":17},"end":{"line":151,"column":7}}},"19":{"name":"(anonymous_19)","decl":{"start":{"line":154,"column":9},"end":{"line":154,"column":20}},"loc":{"start":{"line":156,"column":25},"end":{"line":173,"column":3}}},"20":{"name":"(anonymous_20)","decl":{"start":{"line":161,"column":20},"end":{"line":161,"column":23}},"loc":{"start":{"line":161,"column":28},"end":{"line":161,"column":67}}},"21":{"name":"(anonymous_21)","decl":{"start":{"line":163,"column":12},"end":{"line":163,"column":18}},"loc":{"start":{"line":163,"column":23},"end":{"line":163,"column":38}}},"22":{"name":"(anonymous_22)","decl":{"start":{"line":164,"column":13},"end":{"line":164,"column":14}},"loc":{"start":{"line":164,"column":17},"end":{"line":172,"column":7}}},"23":{"name":"(anonymous_23)","decl":{"start":{"line":175,"column":9},"end":{"line":175,"column":19}},"loc":{"start":{"line":177,"column":22},"end":{"line":205,"column":3}}},"24":{"name":"(anonymous_24)","decl":{"start":{"line":182,"column":12},"end":{"line":182,"column":13}},"loc":{"start":{"line":183,"column":8},"end":{"line":192,"column":9}}},"25":{"name":"(anonymous_25)","decl":{"start":{"line":194,"column":12},"end":{"line":194,"column":18}},"loc":{"start":{"line":194,"column":23},"end":{"line":194,"column":38}}},"26":{"name":"(anonymous_26)","decl":{"start":{"line":195,"column":13},"end":{"line":195,"column":14}},"loc":{"start":{"line":195,"column":17},"end":{"line":204,"column":7}}}},"branchMap":{"0":{"loc":{"start":{"line":49,"column":20},"end":{"line":49,"column":59}},"type":"cond-expr","locations":[{"start":{"line":49,"column":20},"end":{"line":49,"column":59}},{"start":{"line":49,"column":62},"end":{"line":49,"column":71}}]},"1":{"loc":{"start":{"line":50,"column":20},"end":{"line":50,"column":23}},"type":"cond-expr","locations":[{"start":{"line":50,"column":20},"end":{"line":50,"column":23}},{"start":{"line":50,"column":26},"end":{"line":50,"column":32}}]},"2":{"loc":{"start":{"line":75,"column":20},"end":{"line":75,"column":64}},"type":"cond-expr","locations":[{"start":{"line":75,"column":20},"end":{"line":75,"column":64}},{"start":{"line":75,"column":67},"end":{"line":75,"column":76}}]},"3":{"loc":{"start":{"line":76,"column":20},"end":{"line":76,"column":23}},"type":"cond-expr","locations":[{"start":{"line":76,"column":20},"end":{"line":76,"column":23}},{"start":{"line":76,"column":26},"end":{"line":76,"column":32}}]},"4":{"loc":{"start":{"line":101,"column":20},"end":{"line":101,"column":60}},"type":"cond-expr","locations":[{"start":{"line":101,"column":20},"end":{"line":101,"column":60}},{"start":{"line":101,"column":63},"end":{"line":101,"column":72}}]},"5":{"loc":{"start":{"line":102,"column":20},"end":{"line":102,"column":23}},"type":"cond-expr","locations":[{"start":{"line":102,"column":20},"end":{"line":102,"column":23}},{"start":{"line":102,"column":26},"end":{"line":102,"column":32}}]},"6":{"loc":{"start":{"line":128,"column":20},"end":{"line":128,"column":64}},"type":"cond-expr","locations":[{"start":{"line":128,"column":20},"end":{"line":128,"column":64}},{"start":{"line":128,"column":67},"end":{"line":128,"column":76}}]},"7":{"loc":{"start":{"line":129,"column":20},"end":{"line":129,"column":23}},"type":"cond-expr","locations":[{"start":{"line":129,"column":20},"end":{"line":129,"column":23}},{"start":{"line":129,"column":26},"end":{"line":129,"column":32}}]},"8":{"loc":{"start":{"line":145,"column":14},"end":{"line":147,"column":17}},"type":"cond-expr","locations":[{"start":{"line":145,"column":14},"end":{"line":147,"column":17}},{"start":{"line":148,"column":14},"end":{"line":148,"column":23}}]},"9":{"loc":{"start":{"line":149,"column":20},"end":{"line":149,"column":23}},"type":"cond-expr","locations":[{"start":{"line":149,"column":20},"end":{"line":149,"column":23}},{"start":{"line":149,"column":26},"end":{"line":149,"column":32}}]},"10":{"loc":{"start":{"line":167,"column":19},"end":{"line":167,"column":63}},"type":"cond-expr","locations":[{"start":{"line":167,"column":19},"end":{"line":167,"column":63}},{"start":{"line":167,"column":66},"end":{"line":167,"column":75}}]},"11":{"loc":{"start":{"line":168,"column":19},"end":{"line":168,"column":22}},"type":"cond-expr","locations":[{"start":{"line":168,"column":19},"end":{"line":168,"column":22}},{"start":{"line":168,"column":25},"end":{"line":168,"column":31}}]},"12":{"loc":{"start":{"line":200,"column":14},"end":{"line":200,"column":63}},"type":"cond-expr","locations":[{"start":{"line":200,"column":14},"end":{"line":200,"column":63}},{"start":{"line":201,"column":14},"end":{"line":201,"column":23}}]},"13":{"loc":{"start":{"line":202,"column":33},"end":{"line":202,"column":36}},"type":"cond-expr","locations":[{"start":{"line":202,"column":33},"end":{"line":202,"column":36}},{"start":{"line":202,"column":39},"end":{"line":202,"column":45}}]}},"s":{"0":1,"1":1,"2":1,"3":1,"4":0,"5":0,"6":0,"7":0,"8":0,"9":0,"10":0,"11":0,"12":0,"13":0,"14":0,"15":0,"16":0,"17":0,"18":0,"19":0,"20":0,"21":0,"22":0,"23":0,"24":0,"25":0,"26":0,"27":0,"28":0,"29":0,"30":0,"31":0,"32":0,"33":0,"34":0,"35":0,"36":0,"37":0,"38":0,"39":0,"40":0,"41":0,"42":0,"43":0,"44":0,"45":0,"46":0,"47":0,"48":0,"49":0,"50":0,"51":0,"52":0,"53":1},"f":{"0":0,"1":0,"2":0,"3":0,"4":0,"5":0,"6":0,"7":0,"8":0,"9":0,"10":0,"11":0,"12":0,"13":0,"14":0,"15":0,"16":0,"17":0,"18":0,"19":0,"20":0,"21":0,"22":0,"23":0,"24":0,"25":0,"26":0},"b":{"0":[0,0],"1":[0,0],"2":[0,0],"3":[0,0],"4":[0,0],"5":[0,0],"6":[0,0],"7":[0,0],"8":[0,0],"9":[0,0],"10":[0,0],"11":[0,0],"12":[0,0],"13":[0,0]}}
,"/home/jread/debtpanel/partner-link/src/transformers/address.ts": {"path":"/home/jread/debtpanel/partner-link/src/transformers/address.ts","statementMap":{"0":{"start":{"line":1,"column":0},"end":{"line":5,"column":17}},"1":{"start":{"line":6,"column":0},"end":{"line":10,"column":22}},"2":{"start":{"line":15,"column":4},"end":{"line":24,"column":5}},"3":{"start":{"line":20,"column":6},"end":{"line":23,"column":8}},"4":{"start":{"line":26,"column":4},"end":{"line":32,"column":5}},"5":{"start":{"line":31,"column":6},"end":{"line":31,"column":77}},"6":{"start":{"line":34,"column":4},"end":{"line":40,"column":5}},"7":{"start":{"line":39,"column":6},"end":{"line":39,"column":79}},"8":{"start":{"line":42,"column":4},"end":{"line":48,"column":5}},"9":{"start":{"line":47,"column":6},"end":{"line":47,"column":75}},"10":{"start":{"line":50,"column":4},"end":{"line":56,"column":5}},"11":{"start":{"line":55,"column":6},"end":{"line":55,"column":78}},"12":{"start":{"line":58,"column":27},"end":{"line":60,"column":5}},"13":{"start":{"line":61,"column":24},"end":{"line":61,"column":41}},"14":{"start":{"line":62,"column":23},"end":{"line":62,"column":90}},"15":{"start":{"line":64,"column":4},"end":{"line":82,"column":6}},"16":{"start":{"line":86,"column":4},"end":{"line":86,"column":14}},"17":{"start":{"line":12,"column":0},"end":{"line":88,"column":1}},"18":{"start":{"line":93,"column":4},"end":{"line":106,"column":9}},"19":{"start":{"line":94,"column":19},"end":{"line":94,"column":27}},"20":{"start":{"line":96,"column":28},"end":{"line":96,"column":59}},"21":{"start":{"line":98,"column":8},"end":{"line":98,"column":45}},"22":{"start":{"line":99,"column":8},"end":{"line":99,"column":61}},"23":{"start":{"line":100,"column":8},"end":{"line":100,"column":52}},"24":{"start":{"line":101,"column":8},"end":{"line":101,"column":52}},"25":{"start":{"line":102,"column":8},"end":{"line":102,"column":45}},"26":{"start":{"line":103,"column":8},"end":{"line":103,"column":55}},"27":{"start":{"line":105,"column":8},"end":{"line":105,"column":29}},"28":{"start":{"line":110,"column":4},"end":{"line":124,"column":38}},"29":{"start":{"line":111,"column":19},"end":{"line":111,"column":37}},"30":{"start":{"line":114,"column":10},"end":{"line":116,"column":37}},"31":{"start":{"line":118,"column":28},"end":{"line":118,"column":55}},"32":{"start":{"line":120,"column":8},"end":{"line":122,"column":9}},"33":{"start":{"line":124,"column":26},"end":{"line":124,"column":36}},"34":{"start":{"line":90,"column":0},"end":{"line":126,"column":1}},"35":{"start":{"line":131,"column":4},"end":{"line":137,"column":5}},"36":{"start":{"line":136,"column":6},"end":{"line":136,"column":77}},"37":{"start":{"line":143,"column":4},"end":{"line":154,"column":6}},"38":{"start":{"line":158,"column":4},"end":{"line":166,"column":6}},"39":{"start":{"line":161,"column":53},"end":{"line":161,"column":74}},"40":{"start":{"line":170,"column":4},"end":{"line":177,"column":5}},"41":{"start":{"line":172,"column":8},"end":{"line":172,"column":24}},"42":{"start":{"line":174,"column":8},"end":{"line":174,"column":23}},"43":{"start":{"line":176,"column":8},"end":{"line":176,"column":23}},"44":{"start":{"line":128,"column":0},"end":{"line":179,"column":1}}},"fnMap":{"0":{"name":"(anonymous_0)","decl":{"start":{"line":14,"column":9},"end":{"line":14,"column":12}},"loc":{"start":{"line":14,"column":41},"end":{"line":83,"column":3}}},"1":{"name":"(anonymous_1)","decl":{"start":{"line":85,"column":9},"end":{"line":85,"column":13}},"loc":{"start":{"line":85,"column":28},"end":{"line":87,"column":3}}},"2":{"name":"(anonymous_2)","decl":{"start":{"line":92,"column":9},"end":{"line":92,"column":15}},"loc":{"start":{"line":92,"column":25},"end":{"line":107,"column":3}}},"3":{"name":"(anonymous_3)","decl":{"start":{"line":94,"column":12},"end":{"line":94,"column":14}},"loc":{"start":{"line":94,"column":19},"end":{"line":94,"column":27}}},"4":{"name":"(anonymous_4)","decl":{"start":{"line":95,"column":12},"end":{"line":95,"column":18}},"loc":{"start":{"line":95,"column":22},"end":{"line":106,"column":7}}},"5":{"name":"(anonymous_5)","decl":{"start":{"line":109,"column":9},"end":{"line":109,"column":16}},"loc":{"start":{"line":109,"column":29},"end":{"line":125,"column":3}}},"6":{"name":"(anonymous_6)","decl":{"start":{"line":111,"column":12},"end":{"line":111,"column":14}},"loc":{"start":{"line":111,"column":19},"end":{"line":111,"column":37}}},"7":{"name":"(anonymous_7)","decl":{"start":{"line":113,"column":8},"end":{"line":113,"column":19}},"loc":{"start":{"line":114,"column":10},"end":{"line":116,"column":37}}},"8":{"name":"(anonymous_8)","decl":{"start":{"line":118,"column":12},"end":{"line":118,"column":23}},"loc":{"start":{"line":118,"column":28},"end":{"line":118,"column":55}}},"9":{"name":"(anonymous_9)","decl":{"start":{"line":119,"column":12},"end":{"line":119,"column":29}},"loc":{"start":{"line":120,"column":8},"end":{"line":122,"column":9}}},"10":{"name":"(anonymous_10)","decl":{"start":{"line":124,"column":12},"end":{"line":124,"column":21}},"loc":{"start":{"line":124,"column":26},"end":{"line":124,"column":36}}},"11":{"name":"(anonymous_11)","decl":{"start":{"line":130,"column":9},"end":{"line":130,"column":12}},"loc":{"start":{"line":130,"column":62},"end":{"line":155,"column":3}}},"12":{"name":"(anonymous_12)","decl":{"start":{"line":157,"column":9},"end":{"line":157,"column":13}},"loc":{"start":{"line":157,"column":28},"end":{"line":167,"column":3}}},"13":{"name":"(anonymous_13)","decl":{"start":{"line":161,"column":37},"end":{"line":161,"column":38}},"loc":{"start":{"line":161,"column":53},"end":{"line":161,"column":74}}},"14":{"name":"(anonymous_14)","decl":{"start":{"line":169,"column":10},"end":{"line":169,"column":23}},"loc":{"start":{"line":169,"column":34},"end":{"line":178,"column":3}}}},"branchMap":{"0":{"loc":{"start":{"line":15,"column":4},"end":{"line":24,"column":5}},"type":"if","locations":[{"start":{"line":15,"column":4},"end":{"line":24,"column":5}},{"start":{"line":15,"column":4},"end":{"line":24,"column":5}}]},"1":{"loc":{"start":{"line":16,"column":6},"end":{"line":16,"column":38}},"type":"binary-expr","locations":[{"start":{"line":16,"column":6},"end":{"line":16,"column":38}},{"start":{"line":17,"column":6},"end":{"line":17,"column":33}},{"start":{"line":18,"column":6},"end":{"line":18,"column":37}}]},"2":{"loc":{"start":{"line":26,"column":4},"end":{"line":32,"column":5}},"type":"if","locations":[{"start":{"line":26,"column":4},"end":{"line":32,"column":5}},{"start":{"line":26,"column":4},"end":{"line":32,"column":5}}]},"3":{"loc":{"start":{"line":27,"column":6},"end":{"line":27,"column":33}},"type":"binary-expr","locations":[{"start":{"line":27,"column":6},"end":{"line":27,"column":33}},{"start":{"line":28,"column":6},"end":{"line":28,"column":28}},{"start":{"line":29,"column":6},"end":{"line":29,"column":32}}]},"4":{"loc":{"start":{"line":34,"column":4},"end":{"line":40,"column":5}},"type":"if","locations":[{"start":{"line":34,"column":4},"end":{"line":40,"column":5}},{"start":{"line":34,"column":4},"end":{"line":40,"column":5}}]},"5":{"loc":{"start":{"line":35,"column":6},"end":{"line":35,"column":37}},"type":"binary-expr","locations":[{"start":{"line":35,"column":6},"end":{"line":35,"column":37}},{"start":{"line":36,"column":6},"end":{"line":36,"column":32}},{"start":{"line":37,"column":6},"end":{"line":37,"column":36}}]},"6":{"loc":{"start":{"line":42,"column":4},"end":{"line":48,"column":5}},"type":"if","locations":[{"start":{"line":42,"column":4},"end":{"line":48,"column":5}},{"start":{"line":42,"column":4},"end":{"line":48,"column":5}}]},"7":{"loc":{"start":{"line":43,"column":6},"end":{"line":43,"column":31}},"type":"binary-expr","locations":[{"start":{"line":43,"column":6},"end":{"line":43,"column":31}},{"start":{"line":44,"column":6},"end":{"line":44,"column":26}},{"start":{"line":45,"column":6},"end":{"line":45,"column":30}}]},"8":{"loc":{"start":{"line":50,"column":4},"end":{"line":56,"column":5}},"type":"if","locations":[{"start":{"line":50,"column":4},"end":{"line":56,"column":5}},{"start":{"line":50,"column":4},"end":{"line":56,"column":5}}]},"9":{"loc":{"start":{"line":51,"column":6},"end":{"line":51,"column":34}},"type":"binary-expr","locations":[{"start":{"line":51,"column":6},"end":{"line":51,"column":34}},{"start":{"line":52,"column":6},"end":{"line":52,"column":29}},{"start":{"line":53,"column":6},"end":{"line":53,"column":33}}]},"10":{"loc":{"start":{"line":62,"column":57},"end":{"line":62,"column":74}},"type":"cond-expr","locations":[{"start":{"line":62,"column":57},"end":{"line":62,"column":74}},{"start":{"line":62,"column":77},"end":{"line":62,"column":90}}]},"11":{"loc":{"start":{"line":131,"column":4},"end":{"line":137,"column":5}},"type":"if","locations":[{"start":{"line":131,"column":4},"end":{"line":137,"column":5}},{"start":{"line":131,"column":4},"end":{"line":137,"column":5}}]},"12":{"loc":{"start":{"line":132,"column":6},"end":{"line":132,"column":33}},"type":"binary-expr","locations":[{"start":{"line":132,"column":6},"end":{"line":132,"column":33}},{"start":{"line":133,"column":6},"end":{"line":133,"column":28}},{"start":{"line":134,"column":6},"end":{"line":134,"column":32}}]},"13":{"loc":{"start":{"line":171,"column":6},"end":{"line":172,"column":24}},"type":"switch","locations":[{"start":{"line":171,"column":6},"end":{"line":172,"column":24}},{"start":{"line":173,"column":6},"end":{"line":174,"column":23}},{"start":{"line":175,"column":6},"end":{"line":176,"column":23}}]}},"s":{"0":2,"1":2,"2":0,"3":0,"4":0,"5":0,"6":0,"7":0,"8":0,"9":0,"10":0,"11":0,"12":0,"13":0,"14":0,"15":0,"16":0,"17":2,"18":0,"19":0,"20":0,"21":0,"22":0,"23":0,"24":0,"25":0,"26":0,"27":0,"28":0,"29":0,"30":0,"31":0,"32":0,"33":0,"34":2,"35":0,"36":0,"37":0,"38":0,"39":0,"40":0,"41":0,"42":0,"43":0,"44":2},"f":{"0":0,"1":0,"2":0,"3":0,"4":0,"5":0,"6":0,"7":0,"8":0,"9":0,"10":0,"11":0,"12":0,"13":0,"14":0},"b":{"0":[0,0],"1":[0,0,0],"2":[0,0],"3":[0,0,0],"4":[0,0],"5":[0,0,0],"6":[0,0],"7":[0,0,0],"8":[0,0],"9":[0,0,0],"10":[0,0],"11":[0,0],"12":[0,0,0],"13":[0,0,0]}}
,"/home/jread/debtpanel/partner-link/src/transformers/asset.ts": {"path":"/home/jread/debtpanel/partner-link/src/transformers/asset.ts","statementMap":{"0":{"start":{"line":6,"column":4},"end":{"line":12,"column":6}},"1":{"start":{"line":16,"column":4},"end":{"line":18,"column":5}},"2":{"start":{"line":17,"column":6},"end":{"line":17,"column":16}},"3":{"start":{"line":20,"column":4},"end":{"line":22,"column":6}},"4":{"start":{"line":21,"column":59},"end":{"line":21,"column":74}},"5":{"start":{"line":4,"column":0},"end":{"line":24,"column":1}}},"fnMap":{"0":{"name":"(anonymous_0)","decl":{"start":{"line":5,"column":9},"end":{"line":5,"column":12}},"loc":{"start":{"line":5,"column":27},"end":{"line":13,"column":3}}},"1":{"name":"(anonymous_1)","decl":{"start":{"line":15,"column":9},"end":{"line":15,"column":13}},"loc":{"start":{"line":15,"column":30},"end":{"line":23,"column":3}}},"2":{"name":"(anonymous_2)","decl":{"start":{"line":21,"column":51},"end":{"line":21,"column":54}},"loc":{"start":{"line":21,"column":59},"end":{"line":21,"column":74}}}},"branchMap":{"0":{"loc":{"start":{"line":16,"column":4},"end":{"line":18,"column":5}},"type":"if","locations":[{"start":{"line":16,"column":4},"end":{"line":18,"column":5}},{"start":{"line":16,"column":4},"end":{"line":18,"column":5}}]},"1":{"loc":{"start":{"line":16,"column":8},"end":{"line":16,"column":15}},"type":"binary-expr","locations":[{"start":{"line":16,"column":8},"end":{"line":16,"column":15}},{"start":{"line":16,"column":19},"end":{"line":16,"column":33}}]}},"s":{"0":0,"1":0,"2":0,"3":0,"4":0,"5":2},"f":{"0":0,"1":0,"2":0},"b":{"0":[0,0],"1":[0,0]}}
,"/home/jread/debtpanel/partner-link/src/transformers/case.ts": {"path":"/home/jread/debtpanel/partner-link/src/transformers/case.ts","statementMap":{"0":{"start":{"line":1,"column":0},"end":{"line":1,"column":32}},"1":{"start":{"line":2,"column":0},"end":{"line":2,"column":61}},"2":{"start":{"line":3,"column":0},"end":{"line":7,"column":11}},"3":{"start":{"line":8,"column":0},"end":{"line":12,"column":22}},"4":{"start":{"line":13,"column":0},"end":{"line":13,"column":46}},"5":{"start":{"line":14,"column":0},"end":{"line":14,"column":48}},"6":{"start":{"line":19,"column":4},"end":{"line":27,"column":5}},"7":{"start":{"line":23,"column":6},"end":{"line":26,"column":8}},"8":{"start":{"line":29,"column":4},"end":{"line":39,"column":5}},"9":{"start":{"line":35,"column":6},"end":{"line":38,"column":8}},"10":{"start":{"line":42,"column":18},"end":{"line":42,"column":91}},"11":{"start":{"line":45,"column":44},"end":{"line":45,"column":48}},"12":{"start":{"line":46,"column":43},"end":{"line":46,"column":47}},"13":{"start":{"line":48,"column":32},"end":{"line":50,"column":19}},"14":{"start":{"line":51,"column":4},"end":{"line":51,"column":54}},"15":{"start":{"line":52,"column":4},"end":{"line":54,"column":54}},"16":{"start":{"line":56,"column":4},"end":{"line":64,"column":5}},"17":{"start":{"line":57,"column":41},"end":{"line":59,"column":21}},"18":{"start":{"line":60,"column":6},"end":{"line":60,"column":57}},"19":{"start":{"line":61,"column":6},"end":{"line":63,"column":49}},"20":{"start":{"line":66,"column":21},"end":{"line":194,"column":5}},"21":{"start":{"line":96,"column":16},"end":{"line":96,"column":55}},"22":{"start":{"line":103,"column":16},"end":{"line":103,"column":50}},"23":{"start":{"line":109,"column":14},"end":{"line":109,"column":47}},"24":{"start":{"line":121,"column":16},"end":{"line":123,"column":18}},"25":{"start":{"line":182,"column":14},"end":{"line":182,"column":50}},"26":{"start":{"line":187,"column":14},"end":{"line":187,"column":49}},"27":{"start":{"line":196,"column":4},"end":{"line":196,"column":40}},"28":{"start":{"line":200,"column":4},"end":{"line":200,"column":14}},"29":{"start":{"line":16,"column":0},"end":{"line":202,"column":1}},"30":{"start":{"line":207,"column":4},"end":{"line":223,"column":9}},"31":{"start":{"line":208,"column":19},"end":{"line":208,"column":37}},"32":{"start":{"line":210,"column":8},"end":{"line":212,"column":9}},"33":{"start":{"line":211,"column":10},"end":{"line":211,"column":71}},"34":{"start":{"line":214,"column":8},"end":{"line":214,"column":43}},"35":{"start":{"line":217,"column":39},"end":{"line":217,"column":55}},"36":{"start":{"line":219,"column":8},"end":{"line":219,"column":59}},"37":{"start":{"line":220,"column":8},"end":{"line":220,"column":67}},"38":{"start":{"line":222,"column":8},"end":{"line":222,"column":26}},"39":{"start":{"line":228,"column":4},"end":{"line":228,"column":21}},"40":{"start":{"line":204,"column":0},"end":{"line":230,"column":1}}},"fnMap":{"0":{"name":"(anonymous_0)","decl":{"start":{"line":18,"column":9},"end":{"line":18,"column":12}},"loc":{"start":{"line":18,"column":26},"end":{"line":197,"column":3}}},"1":{"name":"(anonymous_1)","decl":{"start":{"line":95,"column":55},"end":{"line":95,"column":58}},"loc":{"start":{"line":96,"column":16},"end":{"line":96,"column":55}}},"2":{"name":"(anonymous_2)","decl":{"start":{"line":102,"column":45},"end":{"line":102,"column":48}},"loc":{"start":{"line":103,"column":16},"end":{"line":103,"column":50}}},"3":{"name":"(anonymous_3)","decl":{"start":{"line":108,"column":49},"end":{"line":108,"column":52}},"loc":{"start":{"line":109,"column":14},"end":{"line":109,"column":47}}},"4":{"name":"(anonymous_4)","decl":{"start":{"line":120,"column":47},"end":{"line":120,"column":50}},"loc":{"start":{"line":120,"column":54},"end":{"line":124,"column":15}}},"5":{"name":"(anonymous_5)","decl":{"start":{"line":181,"column":59},"end":{"line":181,"column":62}},"loc":{"start":{"line":182,"column":14},"end":{"line":182,"column":50}}},"6":{"name":"(anonymous_6)","decl":{"start":{"line":186,"column":56},"end":{"line":186,"column":59}},"loc":{"start":{"line":187,"column":14},"end":{"line":187,"column":49}}},"7":{"name":"(anonymous_7)","decl":{"start":{"line":199,"column":9},"end":{"line":199,"column":13}},"loc":{"start":{"line":199,"column":28},"end":{"line":201,"column":3}}},"8":{"name":"(anonymous_8)","decl":{"start":{"line":206,"column":9},"end":{"line":206,"column":15}},"loc":{"start":{"line":206,"column":28},"end":{"line":224,"column":3}}},"9":{"name":"(anonymous_9)","decl":{"start":{"line":208,"column":12},"end":{"line":208,"column":14}},"loc":{"start":{"line":208,"column":19},"end":{"line":208,"column":37}}},"10":{"name":"(anonymous_10)","decl":{"start":{"line":209,"column":12},"end":{"line":209,"column":20}},"loc":{"start":{"line":209,"column":24},"end":{"line":215,"column":7}}},"11":{"name":"(anonymous_11)","decl":{"start":{"line":216,"column":12},"end":{"line":216,"column":29}},"loc":{"start":{"line":216,"column":33},"end":{"line":223,"column":7}}},"12":{"name":"(anonymous_12)","decl":{"start":{"line":226,"column":9},"end":{"line":226,"column":16}},"loc":{"start":{"line":226,"column":29},"end":{"line":229,"column":3}}}},"branchMap":{"0":{"loc":{"start":{"line":19,"column":4},"end":{"line":27,"column":5}},"type":"if","locations":[{"start":{"line":19,"column":4},"end":{"line":27,"column":5}},{"start":{"line":19,"column":4},"end":{"line":27,"column":5}}]},"1":{"loc":{"start":{"line":20,"column":6},"end":{"line":20,"column":40}},"type":"binary-expr","locations":[{"start":{"line":20,"column":6},"end":{"line":20,"column":40}},{"start":{"line":21,"column":6},"end":{"line":21,"column":47}}]},"2":{"loc":{"start":{"line":29,"column":4},"end":{"line":39,"column":5}},"type":"if","locations":[{"start":{"line":29,"column":4},"end":{"line":39,"column":5}},{"start":{"line":29,"column":4},"end":{"line":39,"column":5}}]},"3":{"loc":{"start":{"line":30,"column":7},"end":{"line":30,"column":35}},"type":"binary-expr","locations":[{"start":{"line":30,"column":7},"end":{"line":30,"column":35}},{"start":{"line":31,"column":8},"end":{"line":31,"column":47}},{"start":{"line":32,"column":7},"end":{"line":32,"column":37}},{"start":{"line":33,"column":8},"end":{"line":33,"column":49}}]},"4":{"loc":{"start":{"line":53,"column":8},"end":{"line":53,"column":37}},"type":"cond-expr","locations":[{"start":{"line":53,"column":8},"end":{"line":53,"column":37}},{"start":{"line":54,"column":8},"end":{"line":54,"column":53}}]},"5":{"loc":{"start":{"line":56,"column":4},"end":{"line":64,"column":5}},"type":"if","locations":[{"start":{"line":56,"column":4},"end":{"line":64,"column":5}},{"start":{"line":56,"column":4},"end":{"line":64,"column":5}}]},"6":{"loc":{"start":{"line":62,"column":10},"end":{"line":62,"column":39}},"type":"cond-expr","locations":[{"start":{"line":62,"column":10},"end":{"line":62,"column":39}},{"start":{"line":63,"column":10},"end":{"line":63,"column":48}}]},"7":{"loc":{"start":{"line":74,"column":46},"end":{"line":74,"column":52}},"type":"cond-expr","locations":[{"start":{"line":74,"column":46},"end":{"line":74,"column":52}},{"start":{"line":74,"column":55},"end":{"line":74,"column":62}}]},"8":{"loc":{"start":{"line":84,"column":16},"end":{"line":84,"column":45}},"type":"cond-expr","locations":[{"start":{"line":84,"column":16},"end":{"line":84,"column":45}},{"start":{"line":85,"column":16},"end":{"line":85,"column":68}}]},"9":{"loc":{"start":{"line":87,"column":16},"end":{"line":87,"column":49}},"type":"cond-expr","locations":[{"start":{"line":87,"column":16},"end":{"line":87,"column":49}},{"start":{"line":88,"column":16},"end":{"line":88,"column":72}}]},"10":{"loc":{"start":{"line":90,"column":16},"end":{"line":90,"column":41}},"type":"cond-expr","locations":[{"start":{"line":90,"column":16},"end":{"line":90,"column":41}},{"start":{"line":91,"column":16},"end":{"line":91,"column":64}}]},"11":{"loc":{"start":{"line":131,"column":18},"end":{"line":131,"column":45}},"type":"cond-expr","locations":[{"start":{"line":131,"column":18},"end":{"line":131,"column":45}},{"start":{"line":132,"column":18},"end":{"line":132,"column":47}}]},"12":{"loc":{"start":{"line":133,"column":55},"end":{"line":133,"column":61}},"type":"cond-expr","locations":[{"start":{"line":133,"column":55},"end":{"line":133,"column":61}},{"start":{"line":133,"column":64},"end":{"line":133,"column":71}}]},"13":{"loc":{"start":{"line":141,"column":16},"end":{"line":141,"column":50}},"type":"cond-expr","locations":[{"start":{"line":141,"column":16},"end":{"line":141,"column":50}},{"start":{"line":142,"column":16},"end":{"line":142,"column":20}}]},"14":{"loc":{"start":{"line":143,"column":57},"end":{"line":143,"column":58}},"type":"cond-expr","locations":[{"start":{"line":143,"column":57},"end":{"line":143,"column":58}},{"start":{"line":143,"column":61},"end":{"line":143,"column":65}}]},"15":{"loc":{"start":{"line":145,"column":16},"end":{"line":145,"column":52}},"type":"cond-expr","locations":[{"start":{"line":145,"column":16},"end":{"line":145,"column":52}},{"start":{"line":146,"column":16},"end":{"line":146,"column":20}}]},"16":{"loc":{"start":{"line":148,"column":16},"end":{"line":148,"column":65}},"type":"cond-expr","locations":[{"start":{"line":148,"column":16},"end":{"line":148,"column":65}},{"start":{"line":149,"column":16},"end":{"line":149,"column":20}}]},"17":{"loc":{"start":{"line":151,"column":16},"end":{"line":151,"column":45}},"type":"cond-expr","locations":[{"start":{"line":151,"column":16},"end":{"line":151,"column":45}},{"start":{"line":152,"column":16},"end":{"line":152,"column":20}}]},"18":{"loc":{"start":{"line":154,"column":16},"end":{"line":154,"column":42}},"type":"cond-expr","locations":[{"start":{"line":154,"column":16},"end":{"line":154,"column":42}},{"start":{"line":155,"column":16},"end":{"line":155,"column":20}}]},"19":{"loc":{"start":{"line":156,"column":46},"end":{"line":156,"column":69}},"type":"cond-expr","locations":[{"start":{"line":156,"column":46},"end":{"line":156,"column":69}},{"start":{"line":156,"column":72},"end":{"line":156,"column":76}}]},"20":{"loc":{"start":{"line":158,"column":16},"end":{"line":158,"column":43}},"type":"cond-expr","locations":[{"start":{"line":158,"column":16},"end":{"line":158,"column":43}},{"start":{"line":159,"column":16},"end":{"line":159,"column":20}}]},"21":{"loc":{"start":{"line":161,"column":16},"end":{"line":161,"column":43}},"type":"cond-expr","locations":[{"start":{"line":161,"column":16},"end":{"line":161,"column":43}},{"start":{"line":162,"column":16},"end":{"line":162,"column":20}}]},"22":{"loc":{"start":{"line":164,"column":16},"end":{"line":164,"column":46}},"type":"cond-expr","locations":[{"start":{"line":164,"column":16},"end":{"line":164,"column":46}},{"start":{"line":165,"column":16},"end":{"line":165,"column":20}}]},"23":{"loc":{"start":{"line":167,"column":16},"end":{"line":167,"column":43}},"type":"cond-expr","locations":[{"start":{"line":167,"column":16},"end":{"line":167,"column":43}},{"start":{"line":168,"column":16},"end":{"line":168,"column":20}}]},"24":{"loc":{"start":{"line":170,"column":16},"end":{"line":170,"column":45}},"type":"cond-expr","locations":[{"start":{"line":170,"column":16},"end":{"line":170,"column":45}},{"start":{"line":171,"column":16},"end":{"line":171,"column":20}}]},"25":{"loc":{"start":{"line":173,"column":16},"end":{"line":173,"column":56}},"type":"cond-expr","locations":[{"start":{"line":173,"column":16},"end":{"line":173,"column":56}},{"start":{"line":174,"column":16},"end":{"line":174,"column":20}}]},"26":{"loc":{"start":{"line":175,"column":47},"end":{"line":175,"column":52}},"type":"cond-expr","locations":[{"start":{"line":175,"column":47},"end":{"line":175,"column":52}},{"start":{"line":175,"column":55},"end":{"line":175,"column":59}}]},"27":{"loc":{"start":{"line":181,"column":30},"end":{"line":181,"column":47}},"type":"binary-expr","locations":[{"start":{"line":181,"column":30},"end":{"line":181,"column":47}},{"start":{"line":181,"column":51},"end":{"line":181,"column":53}}]},"28":{"loc":{"start":{"line":186,"column":29},"end":{"line":186,"column":44}},"type":"binary-expr","locations":[{"start":{"line":186,"column":29},"end":{"line":186,"column":44}},{"start":{"line":186,"column":48},"end":{"line":186,"column":50}}]},"29":{"loc":{"start":{"line":210,"column":8},"end":{"line":212,"column":9}},"type":"if","locations":[{"start":{"line":210,"column":8},"end":{"line":212,"column":9}},{"start":{"line":210,"column":8},"end":{"line":212,"column":9}}]}},"s":{"0":2,"1":2,"2":2,"3":2,"4":2,"5":2,"6":0,"7":0,"8":0,"9":0,"10":0,"11":0,"12":0,"13":0,"14":0,"15":0,"16":0,"17":0,"18":0,"19":0,"20":0,"21":0,"22":0,"23":0,"24":0,"25":0,"26":0,"27":0,"28":0,"29":2,"30":0,"31":0,"32":0,"33":0,"34":0,"35":0,"36":0,"37":0,"38":0,"39":0,"40":2},"f":{"0":0,"1":0,"2":0,"3":0,"4":0,"5":0,"6":0,"7":0,"8":0,"9":0,"10":0,"11":0,"12":0},"b":{"0":[0,0],"1":[0,0],"2":[0,0],"3":[0,0,0,0],"4":[0,0],"5":[0,0],"6":[0,0],"7":[0,0],"8":[0,0],"9":[0,0],"10":[0,0],"11":[0,0],"12":[0,0],"13":[0,0],"14":[0,0],"15":[0,0],"16":[0,0],"17":[0,0],"18":[0,0],"19":[0,0],"20":[0,0],"21":[0,0],"22":[0,0],"23":[0,0],"24":[0,0],"25":[0,0],"26":[0,0],"27":[0,0],"28":[0,0],"29":[0,0]}}
,"/home/jread/debtpanel/partner-link/src/transformers/creditor.ts": {"path":"/home/jread/debtpanel/partner-link/src/transformers/creditor.ts","statementMap":{"0":{"start":{"line":1,"column":0},"end":{"line":1,"column":32}},"1":{"start":{"line":2,"column":0},"end":{"line":2,"column":35}},"2":{"start":{"line":3,"column":0},"end":{"line":3,"column":67}},"3":{"start":{"line":8,"column":31},"end":{"line":8,"column":45}},"4":{"start":{"line":10,"column":4},"end":{"line":10,"column":38}},"5":{"start":{"line":11,"column":4},"end":{"line":11,"column":46}},"6":{"start":{"line":12,"column":4},"end":{"line":12,"column":47}},"7":{"start":{"line":13,"column":4},"end":{"line":13,"column":44}},"8":{"start":{"line":14,"column":4},"end":{"line":14,"column":54}},"9":{"start":{"line":15,"column":4},"end":{"line":15,"column":74}},"10":{"start":{"line":16,"column":4},"end":{"line":18,"column":6}},"11":{"start":{"line":19,"column":4},"end":{"line":19,"column":78}},"12":{"start":{"line":20,"column":4},"end":{"line":20,"column":60}},"13":{"start":{"line":21,"column":4},"end":{"line":21,"column":62}},"14":{"start":{"line":22,"column":4},"end":{"line":22,"column":74}},"15":{"start":{"line":23,"column":4},"end":{"line":23,"column":44}},"16":{"start":{"line":24,"column":4},"end":{"line":24,"column":46}},"17":{"start":{"line":26,"column":4},"end":{"line":26,"column":20}},"18":{"start":{"line":30,"column":4},"end":{"line":54,"column":6}},"19":{"start":{"line":58,"column":4},"end":{"line":60,"column":5}},"20":{"start":{"line":59,"column":6},"end":{"line":59,"column":16}},"21":{"start":{"line":62,"column":22},"end":{"line":68,"column":5}},"22":{"start":{"line":64,"column":57},"end":{"line":64,"column":72}},"23":{"start":{"line":70,"column":4},"end":{"line":70,"column":41}},"24":{"start":{"line":74,"column":4},"end":{"line":76,"column":6}},"25":{"start":{"line":5,"column":0},"end":{"line":78,"column":1}}},"fnMap":{"0":{"name":"(anonymous_0)","decl":{"start":{"line":7,"column":9},"end":{"line":7,"column":20}},"loc":{"start":{"line":7,"column":31},"end":{"line":27,"column":3}}},"1":{"name":"(anonymous_1)","decl":{"start":{"line":29,"column":9},"end":{"line":29,"column":12}},"loc":{"start":{"line":29,"column":30},"end":{"line":55,"column":3}}},"2":{"name":"(anonymous_2)","decl":{"start":{"line":57,"column":9},"end":{"line":57,"column":13}},"loc":{"start":{"line":57,"column":33},"end":{"line":71,"column":3}}},"3":{"name":"(anonymous_3)","decl":{"start":{"line":64,"column":49},"end":{"line":64,"column":52}},"loc":{"start":{"line":64,"column":57},"end":{"line":64,"column":72}}},"4":{"name":"(anonymous_4)","decl":{"start":{"line":73,"column":10},"end":{"line":73,"column":30}},"loc":{"start":{"line":73,"column":45},"end":{"line":77,"column":3}}}},"branchMap":{"0":{"loc":{"start":{"line":35,"column":10},"end":{"line":35,"column":24}},"type":"cond-expr","locations":[{"start":{"line":35,"column":10},"end":{"line":35,"column":24}},{"start":{"line":36,"column":10},"end":{"line":36,"column":30}}]},"1":{"loc":{"start":{"line":38,"column":39},"end":{"line":38,"column":46}},"type":"cond-expr","locations":[{"start":{"line":38,"column":39},"end":{"line":38,"column":46}},{"start":{"line":38,"column":49},"end":{"line":38,"column":57}}]},"2":{"loc":{"start":{"line":40,"column":48},"end":{"line":40,"column":54}},"type":"cond-expr","locations":[{"start":{"line":40,"column":48},"end":{"line":40,"column":54}},{"start":{"line":40,"column":57},"end":{"line":40,"column":64}}]},"3":{"loc":{"start":{"line":44,"column":10},"end":{"line":44,"column":53}},"type":"cond-expr","locations":[{"start":{"line":44,"column":10},"end":{"line":44,"column":53}},{"start":{"line":45,"column":10},"end":{"line":45,"column":14}}]},"4":{"loc":{"start":{"line":49,"column":12},"end":{"line":49,"column":26}},"type":"cond-expr","locations":[{"start":{"line":49,"column":12},"end":{"line":49,"column":26}},{"start":{"line":50,"column":12},"end":{"line":50,"column":31}}]},"5":{"loc":{"start":{"line":52,"column":10},"end":{"line":52,"column":54}},"type":"cond-expr","locations":[{"start":{"line":52,"column":10},"end":{"line":52,"column":54}},{"start":{"line":53,"column":10},"end":{"line":53,"column":14}}]},"6":{"loc":{"start":{"line":58,"column":4},"end":{"line":60,"column":5}},"type":"if","locations":[{"start":{"line":58,"column":4},"end":{"line":60,"column":5}},{"start":{"line":58,"column":4},"end":{"line":60,"column":5}}]},"7":{"loc":{"start":{"line":58,"column":8},"end":{"line":58,"column":15}},"type":"binary-expr","locations":[{"start":{"line":58,"column":8},"end":{"line":58,"column":15}},{"start":{"line":58,"column":19},"end":{"line":58,"column":33}}]}},"s":{"0":2,"1":2,"2":2,"3":0,"4":0,"5":0,"6":0,"7":0,"8":0,"9":0,"10":0,"11":0,"12":0,"13":0,"14":0,"15":0,"16":0,"17":0,"18":0,"19":0,"20":0,"21":0,"22":0,"23":0,"24":0,"25":2},"f":{"0":0,"1":0,"2":0,"3":0,"4":0},"b":{"0":[0,0],"1":[0,0],"2":[0,0],"3":[0,0],"4":[0,0],"5":[0,0],"6":[0,0],"7":[0,0]}}
,"/home/jread/debtpanel/partner-link/src/transformers/document.ts": {"path":"/home/jread/debtpanel/partner-link/src/transformers/document.ts","statementMap":{"0":{"start":{"line":10,"column":4},"end":{"line":18,"column":6}},"1":{"start":{"line":22,"column":4},"end":{"line":22,"column":14}},"2":{"start":{"line":8,"column":0},"end":{"line":24,"column":1}}},"fnMap":{"0":{"name":"(anonymous_0)","decl":{"start":{"line":9,"column":9},"end":{"line":9,"column":12}},"loc":{"start":{"line":9,"column":37},"end":{"line":19,"column":3}}},"1":{"name":"(anonymous_1)","decl":{"start":{"line":21,"column":9},"end":{"line":21,"column":13}},"loc":{"start":{"line":21,"column":40},"end":{"line":23,"column":3}}}},"branchMap":{},"s":{"0":0,"1":0,"2":2},"f":{"0":0,"1":0},"b":{}}
,"/home/jread/debtpanel/partner-link/src/transformers/income-expenditure.ts": {"path":"/home/jread/debtpanel/partner-link/src/transformers/income-expenditure.ts","statementMap":{"0":{"start":{"line":6,"column":4},"end":{"line":10,"column":6}},"1":{"start":{"line":14,"column":4},"end":{"line":16,"column":5}},"2":{"start":{"line":15,"column":6},"end":{"line":15,"column":16}},"3":{"start":{"line":18,"column":4},"end":{"line":20,"column":6}},"4":{"start":{"line":19,"column":54},"end":{"line":19,"column":69}},"5":{"start":{"line":4,"column":0},"end":{"line":22,"column":1}},"6":{"start":{"line":26,"column":4},"end":{"line":29,"column":6}},"7":{"start":{"line":33,"column":4},"end":{"line":35,"column":5}},"8":{"start":{"line":34,"column":6},"end":{"line":34,"column":16}},"9":{"start":{"line":37,"column":4},"end":{"line":41,"column":6}},"10":{"start":{"line":39,"column":45},"end":{"line":39,"column":60}},"11":{"start":{"line":24,"column":0},"end":{"line":43,"column":1}}},"fnMap":{"0":{"name":"(anonymous_0)","decl":{"start":{"line":5,"column":9},"end":{"line":5,"column":12}},"loc":{"start":{"line":5,"column":28},"end":{"line":11,"column":3}}},"1":{"name":"(anonymous_1)","decl":{"start":{"line":13,"column":9},"end":{"line":13,"column":13}},"loc":{"start":{"line":13,"column":31},"end":{"line":21,"column":3}}},"2":{"name":"(anonymous_2)","decl":{"start":{"line":19,"column":46},"end":{"line":19,"column":49}},"loc":{"start":{"line":19,"column":54},"end":{"line":19,"column":69}}},"3":{"name":"(anonymous_3)","decl":{"start":{"line":25,"column":9},"end":{"line":25,"column":12}},"loc":{"start":{"line":25,"column":33},"end":{"line":30,"column":3}}},"4":{"name":"(anonymous_4)","decl":{"start":{"line":32,"column":9},"end":{"line":32,"column":13}},"loc":{"start":{"line":32,"column":36},"end":{"line":42,"column":3}}},"5":{"name":"(anonymous_5)","decl":{"start":{"line":39,"column":37},"end":{"line":39,"column":40}},"loc":{"start":{"line":39,"column":45},"end":{"line":39,"column":60}}}},"branchMap":{"0":{"loc":{"start":{"line":9,"column":43},"end":{"line":9,"column":60}},"type":"cond-expr","locations":[{"start":{"line":9,"column":43},"end":{"line":9,"column":60}},{"start":{"line":9,"column":63},"end":{"line":9,"column":67}}]},"1":{"loc":{"start":{"line":14,"column":4},"end":{"line":16,"column":5}},"type":"if","locations":[{"start":{"line":14,"column":4},"end":{"line":16,"column":5}},{"start":{"line":14,"column":4},"end":{"line":16,"column":5}}]},"2":{"loc":{"start":{"line":14,"column":8},"end":{"line":14,"column":15}},"type":"binary-expr","locations":[{"start":{"line":14,"column":8},"end":{"line":14,"column":15}},{"start":{"line":14,"column":19},"end":{"line":14,"column":33}}]},"3":{"loc":{"start":{"line":33,"column":4},"end":{"line":35,"column":5}},"type":"if","locations":[{"start":{"line":33,"column":4},"end":{"line":35,"column":5}},{"start":{"line":33,"column":4},"end":{"line":35,"column":5}}]},"4":{"loc":{"start":{"line":33,"column":8},"end":{"line":33,"column":15}},"type":"binary-expr","locations":[{"start":{"line":33,"column":8},"end":{"line":33,"column":15}},{"start":{"line":33,"column":19},"end":{"line":33,"column":33}}]}},"s":{"0":0,"1":0,"2":0,"3":0,"4":0,"5":2,"6":0,"7":0,"8":0,"9":0,"10":0,"11":2},"f":{"0":0,"1":0,"2":0,"3":0,"4":0,"5":0},"b":{"0":[0,0],"1":[0,0],"2":[0,0],"3":[0,0],"4":[0,0]}}
,"/home/jread/debtpanel/partner-link/src/transformers/index.ts": {"path":"/home/jread/debtpanel/partner-link/src/transformers/index.ts","statementMap":{"0":{"start":{"line":1,"column":0},"end":{"line":5,"column":18}},"1":{"start":{"line":2,"column":2},"end":{"line":2,"column":38}},"2":{"start":{"line":3,"column":2},"end":{"line":3,"column":32}},"3":{"start":{"line":4,"column":2},"end":{"line":4,"column":23}},"4":{"start":{"line":6,"column":0},"end":{"line":6,"column":42}},"5":{"start":{"line":6,"column":9},"end":{"line":6,"column":25}},"6":{"start":{"line":7,"column":0},"end":{"line":7,"column":63}},"7":{"start":{"line":7,"column":9},"end":{"line":7,"column":24}},"8":{"start":{"line":7,"column":26},"end":{"line":7,"column":47}},"9":{"start":{"line":8,"column":0},"end":{"line":8,"column":48}},"10":{"start":{"line":8,"column":9},"end":{"line":8,"column":28}},"11":{"start":{"line":9,"column":0},"end":{"line":9,"column":48}},"12":{"start":{"line":9,"column":9},"end":{"line":9,"column":28}},"13":{"start":{"line":10,"column":0},"end":{"line":13,"column":29}},"14":{"start":{"line":11,"column":2},"end":{"line":11,"column":19}},"15":{"start":{"line":12,"column":2},"end":{"line":12,"column":24}},"16":{"start":{"line":14,"column":0},"end":{"line":14,"column":40}},"17":{"start":{"line":14,"column":9},"end":{"line":14,"column":24}},"18":{"start":{"line":15,"column":0},"end":{"line":19,"column":17}},"19":{"start":{"line":16,"column":2},"end":{"line":16,"column":31}},"20":{"start":{"line":17,"column":2},"end":{"line":17,"column":37}},"21":{"start":{"line":18,"column":2},"end":{"line":18,"column":25}},"22":{"start":{"line":20,"column":0},"end":{"line":20,"column":48}},"23":{"start":{"line":20,"column":9},"end":{"line":20,"column":28}},"24":{"start":{"line":21,"column":0},"end":{"line":21,"column":46}},"25":{"start":{"line":21,"column":9},"end":{"line":21,"column":27}}},"fnMap":{},"branchMap":{},"s":{"0":2,"1":2,"2":2,"3":2,"4":2,"5":2,"6":2,"7":2,"8":2,"9":2,"10":2,"11":2,"12":2,"13":2,"14":2,"15":2,"16":2,"17":2,"18":2,"19":2,"20":2,"21":2,"22":2,"23":2,"24":2,"25":2},"f":{},"b":{}}
,"/home/jread/debtpanel/partner-link/src/transformers/note.ts": {"path":"/home/jread/debtpanel/partner-link/src/transformers/note.ts","statementMap":{"0":{"start":{"line":2,"column":0},"end":{"line":2,"column":67}},"1":{"start":{"line":7,"column":4},"end":{"line":22,"column":6}},"2":{"start":{"line":12,"column":12},"end":{"line":16,"column":14}},"3":{"start":{"line":26,"column":4},"end":{"line":26,"column":14}},"4":{"start":{"line":4,"column":0},"end":{"line":28,"column":1}}},"fnMap":{"0":{"name":"(anonymous_0)","decl":{"start":{"line":6,"column":9},"end":{"line":6,"column":12}},"loc":{"start":{"line":6,"column":33},"end":{"line":23,"column":3}}},"1":{"name":"(anonymous_1)","decl":{"start":{"line":11,"column":40},"end":{"line":11,"column":43}},"loc":{"start":{"line":11,"column":47},"end":{"line":17,"column":11}}},"2":{"name":"(anonymous_2)","decl":{"start":{"line":25,"column":9},"end":{"line":25,"column":13}},"loc":{"start":{"line":25,"column":29},"end":{"line":27,"column":3}}}},"branchMap":{"0":{"loc":{"start":{"line":13,"column":42},"end":{"line":13,"column":48}},"type":"cond-expr","locations":[{"start":{"line":13,"column":42},"end":{"line":13,"column":48}},{"start":{"line":13,"column":51},"end":{"line":13,"column":58}}]},"1":{"loc":{"start":{"line":15,"column":38},"end":{"line":15,"column":44}},"type":"cond-expr","locations":[{"start":{"line":15,"column":38},"end":{"line":15,"column":44}},{"start":{"line":15,"column":47},"end":{"line":15,"column":54}}]}},"s":{"0":2,"1":0,"2":0,"3":0,"4":2},"f":{"0":0,"1":0,"2":0},"b":{"0":[0,0],"1":[0,0]}}
,"/home/jread/debtpanel/partner-link/src/transformers/person.ts": {"path":"/home/jread/debtpanel/partner-link/src/transformers/person.ts","statementMap":{"0":{"start":{"line":1,"column":0},"end":{"line":5,"column":17}},"1":{"start":{"line":6,"column":0},"end":{"line":6,"column":48}},"2":{"start":{"line":7,"column":0},"end":{"line":11,"column":22}},"3":{"start":{"line":16,"column":4},"end":{"line":18,"column":5}},"4":{"start":{"line":17,"column":6},"end":{"line":17,"column":61}},"5":{"start":{"line":20,"column":4},"end":{"line":119,"column":6}},"6":{"start":{"line":123,"column":4},"end":{"line":123,"column":14}},"7":{"start":{"line":13,"column":0},"end":{"line":125,"column":1}},"8":{"start":{"line":129,"column":4},"end":{"line":143,"column":6}},"9":{"start":{"line":147,"column":4},"end":{"line":157,"column":8}},"10":{"start":{"line":148,"column":19},"end":{"line":148,"column":37}},"11":{"start":{"line":151,"column":10},"end":{"line":153,"column":57}},"12":{"start":{"line":156,"column":8},"end":{"line":156,"column":61}},"13":{"start":{"line":127,"column":0},"end":{"line":159,"column":1}},"14":{"start":{"line":164,"column":4},"end":{"line":186,"column":9}},"15":{"start":{"line":165,"column":19},"end":{"line":165,"column":37}},"16":{"start":{"line":168,"column":10},"end":{"line":170,"column":70}},"17":{"start":{"line":172,"column":28},"end":{"line":172,"column":55}},"18":{"start":{"line":173,"column":34},"end":{"line":173,"column":63}},"19":{"start":{"line":175,"column":33},"end":{"line":175,"column":63}},"20":{"start":{"line":177,"column":8},"end":{"line":177,"column":66}},"21":{"start":{"line":178,"column":8},"end":{"line":183,"column":10}},"22":{"start":{"line":180,"column":12},"end":{"line":182,"column":13}},"23":{"start":{"line":185,"column":8},"end":{"line":185,"column":34}},"24":{"start":{"line":190,"column":34},"end":{"line":190,"column":36}},"25":{"start":{"line":192,"column":4},"end":{"line":192,"column":76}},"26":{"start":{"line":192,"column":52},"end":{"line":192,"column":73}},"27":{"start":{"line":161,"column":0},"end":{"line":194,"column":1}}},"fnMap":{"0":{"name":"(anonymous_0)","decl":{"start":{"line":15,"column":9},"end":{"line":15,"column":12}},"loc":{"start":{"line":15,"column":40},"end":{"line":120,"column":3}}},"1":{"name":"(anonymous_1)","decl":{"start":{"line":122,"column":2},"end":{"line":122,"column":6}},"loc":{"start":{"line":122,"column":21},"end":{"line":124,"column":3}}},"2":{"name":"(anonymous_2)","decl":{"start":{"line":128,"column":9},"end":{"line":128,"column":12}},"loc":{"start":{"line":128,"column":24},"end":{"line":144,"column":3}}},"3":{"name":"(anonymous_3)","decl":{"start":{"line":146,"column":9},"end":{"line":146,"column":25}},"loc":{"start":{"line":146,"column":38},"end":{"line":158,"column":3}}},"4":{"name":"(anonymous_4)","decl":{"start":{"line":148,"column":12},"end":{"line":148,"column":14}},"loc":{"start":{"line":148,"column":19},"end":{"line":148,"column":37}}},"5":{"name":"(anonymous_5)","decl":{"start":{"line":150,"column":8},"end":{"line":150,"column":19}},"loc":{"start":{"line":151,"column":10},"end":{"line":153,"column":57}}},"6":{"name":"(anonymous_6)","decl":{"start":{"line":155,"column":12},"end":{"line":155,"column":23}},"loc":{"start":{"line":156,"column":8},"end":{"line":156,"column":61}}},"7":{"name":"(anonymous_7)","decl":{"start":{"line":163,"column":9},"end":{"line":163,"column":15}},"loc":{"start":{"line":163,"column":28},"end":{"line":187,"column":3}}},"8":{"name":"(anonymous_8)","decl":{"start":{"line":165,"column":12},"end":{"line":165,"column":14}},"loc":{"start":{"line":165,"column":19},"end":{"line":165,"column":37}}},"9":{"name":"(anonymous_9)","decl":{"start":{"line":167,"column":8},"end":{"line":167,"column":19}},"loc":{"start":{"line":168,"column":10},"end":{"line":170,"column":70}}},"10":{"name":"(anonymous_10)","decl":{"start":{"line":172,"column":12},"end":{"line":172,"column":23}},"loc":{"start":{"line":172,"column":28},"end":{"line":172,"column":55}}},"11":{"name":"(anonymous_11)","decl":{"start":{"line":173,"column":12},"end":{"line":173,"column":29}},"loc":{"start":{"line":173,"column":34},"end":{"line":173,"column":63}}},"12":{"name":"(anonymous_12)","decl":{"start":{"line":174,"column":12},"end":{"line":174,"column":23}},"loc":{"start":{"line":174,"column":27},"end":{"line":186,"column":7}}},"13":{"name":"(anonymous_13)","decl":{"start":{"line":179,"column":10},"end":{"line":179,"column":17}},"loc":{"start":{"line":180,"column":12},"end":{"line":182,"column":13}}},"14":{"name":"(anonymous_14)","decl":{"start":{"line":189,"column":9},"end":{"line":189,"column":16}},"loc":{"start":{"line":189,"column":29},"end":{"line":193,"column":3}}},"15":{"name":"(anonymous_15)","decl":{"start":{"line":192,"column":41},"end":{"line":192,"column":47}},"loc":{"start":{"line":192,"column":52},"end":{"line":192,"column":73}}}},"branchMap":{"0":{"loc":{"start":{"line":16,"column":4},"end":{"line":18,"column":5}},"type":"if","locations":[{"start":{"line":16,"column":4},"end":{"line":18,"column":5}},{"start":{"line":16,"column":4},"end":{"line":18,"column":5}}]},"1":{"loc":{"start":{"line":27,"column":62},"end":{"line":27,"column":74}},"type":"cond-expr","locations":[{"start":{"line":27,"column":62},"end":{"line":27,"column":74}},{"start":{"line":27,"column":77},"end":{"line":28,"column":6}}]},"2":{"loc":{"start":{"line":27,"column":8},"end":{"line":27,"column":34}},"type":"binary-expr","locations":[{"start":{"line":27,"column":8},"end":{"line":27,"column":34}},{"start":{"line":27,"column":38},"end":{"line":27,"column":59}}]},"3":{"loc":{"start":{"line":35,"column":12},"end":{"line":35,"column":34}},"type":"cond-expr","locations":[{"start":{"line":35,"column":12},"end":{"line":35,"column":34}},{"start":{"line":36,"column":12},"end":{"line":37,"column":6}}]},"4":{"loc":{"start":{"line":34,"column":8},"end":{"line":34,"column":41}},"type":"binary-expr","locations":[{"start":{"line":34,"column":8},"end":{"line":34,"column":41}},{"start":{"line":34,"column":45},"end":{"line":34,"column":73}}]},"5":{"loc":{"start":{"line":40,"column":12},"end":{"line":40,"column":40}},"type":"cond-expr","locations":[{"start":{"line":40,"column":12},"end":{"line":40,"column":40}},{"start":{"line":41,"column":12},"end":{"line":42,"column":6}}]},"6":{"loc":{"start":{"line":39,"column":8},"end":{"line":39,"column":41}},"type":"binary-expr","locations":[{"start":{"line":39,"column":8},"end":{"line":39,"column":41}},{"start":{"line":39,"column":45},"end":{"line":39,"column":73}}]},"7":{"loc":{"start":{"line":45,"column":12},"end":{"line":45,"column":42}},"type":"cond-expr","locations":[{"start":{"line":45,"column":12},"end":{"line":45,"column":42}},{"start":{"line":46,"column":12},"end":{"line":47,"column":6}}]},"8":{"loc":{"start":{"line":44,"column":8},"end":{"line":44,"column":41}},"type":"binary-expr","locations":[{"start":{"line":44,"column":8},"end":{"line":44,"column":41}},{"start":{"line":44,"column":45},"end":{"line":44,"column":73}}]},"9":{"loc":{"start":{"line":50,"column":12},"end":{"line":50,"column":36}},"type":"cond-expr","locations":[{"start":{"line":50,"column":12},"end":{"line":50,"column":36}},{"start":{"line":51,"column":12},"end":{"line":52,"column":6}}]},"10":{"loc":{"start":{"line":49,"column":8},"end":{"line":49,"column":41}},"type":"binary-expr","locations":[{"start":{"line":49,"column":8},"end":{"line":49,"column":41}},{"start":{"line":49,"column":45},"end":{"line":49,"column":73}}]},"11":{"loc":{"start":{"line":55,"column":12},"end":{"line":55,"column":40}},"type":"cond-expr","locations":[{"start":{"line":55,"column":12},"end":{"line":55,"column":40}},{"start":{"line":56,"column":12},"end":{"line":57,"column":6}}]},"12":{"loc":{"start":{"line":54,"column":8},"end":{"line":54,"column":41}},"type":"binary-expr","locations":[{"start":{"line":54,"column":8},"end":{"line":54,"column":41}},{"start":{"line":54,"column":45},"end":{"line":54,"column":73}}]},"13":{"loc":{"start":{"line":61,"column":12},"end":{"line":61,"column":34}},"type":"cond-expr","locations":[{"start":{"line":61,"column":12},"end":{"line":61,"column":34}},{"start":{"line":62,"column":12},"end":{"line":63,"column":6}}]},"14":{"loc":{"start":{"line":60,"column":8},"end":{"line":60,"column":41}},"type":"binary-expr","locations":[{"start":{"line":60,"column":8},"end":{"line":60,"column":41}},{"start":{"line":60,"column":45},"end":{"line":60,"column":73}}]},"15":{"loc":{"start":{"line":66,"column":12},"end":{"line":66,"column":40}},"type":"cond-expr","locations":[{"start":{"line":66,"column":12},"end":{"line":66,"column":40}},{"start":{"line":67,"column":12},"end":{"line":68,"column":6}}]},"16":{"loc":{"start":{"line":65,"column":8},"end":{"line":65,"column":41}},"type":"binary-expr","locations":[{"start":{"line":65,"column":8},"end":{"line":65,"column":41}},{"start":{"line":65,"column":45},"end":{"line":65,"column":73}}]},"17":{"loc":{"start":{"line":71,"column":12},"end":{"line":71,"column":42}},"type":"cond-expr","locations":[{"start":{"line":71,"column":12},"end":{"line":71,"column":42}},{"start":{"line":72,"column":12},"end":{"line":73,"column":6}}]},"18":{"loc":{"start":{"line":70,"column":8},"end":{"line":70,"column":41}},"type":"binary-expr","locations":[{"start":{"line":70,"column":8},"end":{"line":70,"column":41}},{"start":{"line":70,"column":45},"end":{"line":70,"column":73}}]},"19":{"loc":{"start":{"line":76,"column":12},"end":{"line":76,"column":36}},"type":"cond-expr","locations":[{"start":{"line":76,"column":12},"end":{"line":76,"column":36}},{"start":{"line":77,"column":12},"end":{"line":78,"column":6}}]},"20":{"loc":{"start":{"line":75,"column":8},"end":{"line":75,"column":41}},"type":"binary-expr","locations":[{"start":{"line":75,"column":8},"end":{"line":75,"column":41}},{"start":{"line":75,"column":45},"end":{"line":75,"column":73}}]},"21":{"loc":{"start":{"line":81,"column":12},"end":{"line":81,"column":40}},"type":"cond-expr","locations":[{"start":{"line":81,"column":12},"end":{"line":81,"column":40}},{"start":{"line":82,"column":12},"end":{"line":83,"column":6}}]},"22":{"loc":{"start":{"line":80,"column":8},"end":{"line":80,"column":41}},"type":"binary-expr","locations":[{"start":{"line":80,"column":8},"end":{"line":80,"column":41}},{"start":{"line":80,"column":45},"end":{"line":80,"column":73}}]},"23":{"loc":{"start":{"line":87,"column":12},"end":{"line":87,"column":34}},"type":"cond-expr","locations":[{"start":{"line":87,"column":12},"end":{"line":87,"column":34}},{"start":{"line":88,"column":12},"end":{"line":89,"column":6}}]},"24":{"loc":{"start":{"line":86,"column":8},"end":{"line":86,"column":41}},"type":"binary-expr","locations":[{"start":{"line":86,"column":8},"end":{"line":86,"column":41}},{"start":{"line":86,"column":45},"end":{"line":86,"column":73}}]},"25":{"loc":{"start":{"line":92,"column":12},"end":{"line":92,"column":40}},"type":"cond-expr","locations":[{"start":{"line":92,"column":12},"end":{"line":92,"column":40}},{"start":{"line":93,"column":12},"end":{"line":94,"column":6}}]},"26":{"loc":{"start":{"line":91,"column":8},"end":{"line":91,"column":41}},"type":"binary-expr","locations":[{"start":{"line":91,"column":8},"end":{"line":91,"column":41}},{"start":{"line":91,"column":45},"end":{"line":91,"column":73}}]},"27":{"loc":{"start":{"line":97,"column":12},"end":{"line":97,"column":42}},"type":"cond-expr","locations":[{"start":{"line":97,"column":12},"end":{"line":97,"column":42}},{"start":{"line":98,"column":12},"end":{"line":99,"column":6}}]},"28":{"l
[...]
,"/home/jread/debtpanel/partner-link/src/transformers/property.ts": {"path":"/home/jread/debtpanel/partner-link/src/transformers/property.ts","statementMap":{"0":{"start":{"line":6,"column":4},"end":{"line":34,"column":6}},"1":{"start":{"line":38,"column":4},"end":{"line":40,"column":5}},"2":{"start":{"line":39,"column":6},"end":{"line":39,"column":16}},"3":{"start":{"line":42,"column":4},"end":{"line":44,"column":6}},"4":{"start":{"line":43,"column":56},"end":{"line":43,"column":71}},"5":{"start":{"line":4,"column":0},"end":{"line":46,"column":1}}},"fnMap":{"0":{"name":"(anonymous_0)","decl":{"start":{"line":5,"column":9},"end":{"line":5,"column":12}},"loc":{"start":{"line":5,"column":30},"end":{"line":35,"column":3}}},"1":{"name":"(anonymous_1)","decl":{"start":{"line":37,"column":9},"end":{"line":37,"column":13}},"loc":{"start":{"line":37,"column":33},"end":{"line":45,"column":3}}},"2":{"name":"(anonymous_2)","decl":{"start":{"line":43,"column":48},"end":{"line":43,"column":51}},"loc":{"start":{"line":43,"column":56},"end":{"line":43,"column":71}}}},"branchMap":{"0":{"loc":{"start":{"line":16,"column":40},"end":{"line":16,"column":46}},"type":"cond-expr","locations":[{"start":{"line":16,"column":40},"end":{"line":16,"column":46}},{"start":{"line":16,"column":49},"end":{"line":16,"column":56}}]},"1":{"loc":{"start":{"line":17,"column":44},"end":{"line":17,"column":50}},"type":"cond-expr","locations":[{"start":{"line":17,"column":44},"end":{"line":17,"column":50}},{"start":{"line":17,"column":53},"end":{"line":17,"column":60}}]},"2":{"loc":{"start":{"line":24,"column":48},"end":{"line":24,"column":54}},"type":"cond-expr","locations":[{"start":{"line":24,"column":48},"end":{"line":24,"column":54}},{"start":{"line":24,"column":57},"end":{"line":24,"column":64}}]},"3":{"loc":{"start":{"line":38,"column":4},"end":{"line":40,"column":5}},"type":"if","locations":[{"start":{"line":38,"column":4},"end":{"line":40,"column":5}},{"start":{"line":38,"column":4},"end":{"line":40,"column":5}}]},"4":{"loc":{"start":{"line":38,"column":8},"end":{"line":38,"column":15}},"type":"binary-expr","locations":[{"start":{"line":38,"column":8},"end":{"line":38,"column":15}},{"start":{"line":38,"column":19},"end":{"line":38,"column":33}}]}},"s":{"0":0,"1":0,"2":0,"3":0,"4":0,"5":2},"f":{"0":0,"1":0,"2":0},"b":{"0":[0,0],"1":[0,0],"2":[0,0],"3":[0,0],"4":[0,0]}}
,"/home/jread/debtpanel/partner-link/src/transformers/transformer.ts": {"path":"/home/jread/debtpanel/partner-link/src/transformers/transformer.ts","statementMap":{"0":{"start":{"line":1,"column":0},"end":{"line":1,"column":32}},"1":{"start":{"line":2,"column":0},"end":{"line":2,"column":60}},"2":{"start":{"line":6,"column":4},"end":{"line":14,"column":7}},"3":{"start":{"line":7,"column":6},"end":{"line":13,"column":9}},"4":{"start":{"line":8,"column":8},"end":{"line":10,"column":9}},"5":{"start":{"line":9,"column":10},"end":{"line":9,"column":22}},"6":{"start":{"line":12,"column":8},"end":{"line":12,"column":24}},"7":{"start":{"line":18,"column":4},"end":{"line":21,"column":6}},"8":{"start":{"line":20,"column":11},"end":{"line":20,"column":34}},"9":{"start":{"line":25,"column":4},"end":{"line":33,"column":7}},"10":{"start":{"line":26,"column":6},"end":{"line":28,"column":7}},"11":{"start":{"line":27,"column":8},"end":{"line":27,"column":47}},"12":{"start":{"line":30,"column":6},"end":{"line":32,"column":7}},"13":{"start":{"line":31,"column":8},"end":{"line":31,"column":27}},"14":{"start":{"line":35,"column":4},"end":{"line":35,"column":18}},"15":{"start":{"line":4,"column":0},"end":{"line":37,"column":1}}},"fnMap":{"0":{"name":"(anonymous_0)","decl":{"start":{"line":5,"column":12},"end":{"line":5,"column":19}},"loc":{"start":{"line":5,"column":32},"end":{"line":15,"column":3}}},"1":{"name":"(anonymous_1)","decl":{"start":{"line":6,"column":23},"end":{"line":6,"column":24}},"loc":{"start":{"line":6,"column":43},"end":{"line":14,"column":5}}},"2":{"name":"(anonymous_2)","decl":{"start":{"line":7,"column":30},"end":{"line":7,"column":31}},"loc":{"start":{"line":7,"column":46},"end":{"line":13,"column":7}}},"3":{"name":"(anonymous_3)","decl":{"start":{"line":17,"column":12},"end":{"line":17,"column":22}},"loc":{"start":{"line":17,"column":37},"end":{"line":22,"column":3}}},"4":{"name":"(anonymous_4)","decl":{"start":{"line":20,"column":6},"end":{"line":20,"column":7}},"loc":{"start":{"line":20,"column":11},"end":{"line":20,"column":34}}},"5":{"name":"(anonymous_5)","decl":{"start":{"line":24,"column":12},"end":{"line":24,"column":24}},"loc":{"start":{"line":24,"column":32},"end":{"line":36,"column":3}}},"6":{"name":"(anonymous_6)","decl":{"start":{"line":25,"column":32},"end":{"line":25,"column":33}},"loc":{"start":{"line":25,"column":47},"end":{"line":33,"column":5}}}},"branchMap":{"0":{"loc":{"start":{"line":8,"column":8},"end":{"line":10,"column":9}},"type":"if","locations":[{"start":{"line":8,"column":8},"end":{"line":10,"column":9}},{"start":{"line":8,"column":8},"end":{"line":10,"column":9}}]},"1":{"loc":{"start":{"line":26,"column":6},"end":{"line":28,"column":7}},"type":"if","locations":[{"start":{"line":26,"column":6},"end":{"line":28,"column":7}},{"start":{"line":26,"column":6},"end":{"line":28,"column":7}}]},"2":{"loc":{"start":{"line":30,"column":6},"end":{"line":32,"column":7}},"type":"if","locations":[{"start":{"line":30,"column":6},"end":{"line":32,"column":7}},{"start":{"line":30,"column":6},"end":{"line":32,"column":7}}]},"3":{"loc":{"start":{"line":30,"column":10},"end":{"line":30,"column":22}},"type":"binary-expr","locations":[{"start":{"line":30,"column":10},"end":{"line":30,"column":22}},{"start":{"line":30,"column":26},"end":{"line":30,"column":43}}]}},"s":{"0":2,"1":2,"2":0,"3":0,"4":0,"5":0,"6":0,"7":0,"8":0,"9":0,"10":0,"11":0,"12":0,"13":0,"14":0,"15":2},"f":{"0":0,"1":0,"2":0,"3":0,"4":0,"5":0,"6":0},"b":{"0":[0,0],"1":[0,0],"2":[0,0],"3":[0,0]}}
,"/home/jread/debtpanel/partner-link/src/transformers/vehicle.ts": {"path":"/home/jread/debtpanel/partner-link/src/transformers/vehicle.ts","statementMap":{"0":{"start":{"line":6,"column":4},"end":{"line":33,"column":6}},"1":{"start":{"line":37,"column":4},"end":{"line":39,"column":5}},"2":{"start":{"line":38,"column":6},"end":{"line":38,"column":16}},"3":{"start":{"line":41,"column":4},"end":{"line":43,"column":6}},"4":{"start":{"line":42,"column":53},"end":{"line":42,"column":68}},"5":{"start":{"line":4,"column":0},"end":{"line":45,"column":1}}},"fnMap":{"0":{"name":"(anonymous_0)","decl":{"start":{"line":5,"column":9},"end":{"line":5,"column":12}},"loc":{"start":{"line":5,"column":29},"end":{"line":34,"column":3}}},"1":{"name":"(anonymous_1)","decl":{"start":{"line":36,"column":9},"end":{"line":36,"column":13}},"loc":{"start":{"line":36,"column":32},"end":{"line":44,"column":3}}},"2":{"name":"(anonymous_2)","decl":{"start":{"line":42,"column":45},"end":{"line":42,"column":48}},"loc":{"start":{"line":42,"column":53},"end":{"line":42,"column":68}}}},"branchMap":{"0":{"loc":{"start":{"line":7,"column":74},"end":{"line":7,"column":102}},"type":"cond-expr","locations":[{"start":{"line":7,"column":74},"end":{"line":7,"column":102}},{"start":{"line":7,"column":105},"end":{"line":7,"column":109}}]},"1":{"loc":{"start":{"line":8,"column":45},"end":{"line":8,"column":72}},"type":"cond-expr","locations":[{"start":{"line":8,"column":45},"end":{"line":8,"column":72}},{"start":{"line":8,"column":75},"end":{"line":8,"column":79}}]},"2":{"loc":{"start":{"line":9,"column":52},"end":{"line":9,"column":82}},"type":"cond-expr","locations":[{"start":{"line":9,"column":52},"end":{"line":9,"column":82}},{"start":{"line":9,"column":85},"end":{"line":9,"column":89}}]},"3":{"loc":{"start":{"line":10,"column":36},"end":{"line":10,"column":52}},"type":"cond-expr","locations":[{"start":{"line":10,"column":36},"end":{"line":10,"column":52}},{"start":{"line":10,"column":55},"end":{"line":10,"column":56}}]},"4":{"loc":{"start":{"line":11,"column":60},"end":{"line":11,"column":81}},"type":"cond-expr","locations":[{"start":{"line":11,"column":60},"end":{"line":11,"column":81}},{"start":{"line":11,"column":84},"end":{"line":11,"column":88}}]},"5":{"loc":{"start":{"line":13,"column":10},"end":{"line":13,"column":51}},"type":"cond-expr","locations":[{"start":{"line":13,"column":10},"end":{"line":13,"column":51}},{"start":{"line":14,"column":10},"end":{"line":14,"column":14}}]},"6":{"loc":{"start":{"line":16,"column":10},"end":{"line":16,"column":56}},"type":"cond-expr","locations":[{"start":{"line":16,"column":10},"end":{"line":16,"column":56}},{"start":{"line":17,"column":10},"end":{"line":17,"column":14}}]},"7":{"loc":{"start":{"line":18,"column":59},"end":{"line":18,"column":75}},"type":"cond-expr","locations":[{"start":{"line":18,"column":59},"end":{"line":18,"column":75}},{"start":{"line":18,"column":78},"end":{"line":18,"column":82}}]},"8":{"loc":{"start":{"line":19,"column":32},"end":{"line":19,"column":67}},"type":"cond-expr","locations":[{"start":{"line":19,"column":32},"end":{"line":19,"column":67}},{"start":{"line":19,"column":70},"end":{"line":19,"column":74}}]},"9":{"loc":{"start":{"line":20,"column":67},"end":{"line":20,"column":91}},"type":"cond-expr","locations":[{"start":{"line":20,"column":67},"end":{"line":20,"column":91}},{"start":{"line":20,"column":94},"end":{"line":20,"column":98}}]},"10":{"loc":{"start":{"line":21,"column":40},"end":{"line":21,"column":58}},"type":"cond-expr","locations":[{"start":{"line":21,"column":40},"end":{"line":21,"column":58}},{"start":{"line":21,"column":61},"end":{"line":21,"column":65}}]},"11":{"loc":{"start":{"line":22,"column":42},"end":{"line":22,"column":58}},"type":"cond-expr","locations":[{"start":{"line":22,"column":42},"end":{"line":22,"column":58}},{"start":{"line":22,"column":61},"end":{"line":22,"column":65}}]},"12":{"loc":{"start":{"line":25,"column":40},"end":{"line":25,"column":64}},"type":"cond-expr","locations":[{"start":{"line":25,"column":40},"end":{"line":25,"column":64}},{"start":{"line":25,"column":67},"end":{"line":25,"column":71}}]},"13":{"loc":{"start":{"line":26,"column":50},"end":{"line":26,"column":75}},"type":"cond-expr","locations":[{"start":{"line":26,"column":50},"end":{"line":26,"column":75}},{"start":{"line":26,"column":78},"end":{"line":26,"column":82}}]},"14":{"loc":{"start":{"line":27,"column":42},"end":{"line":27,"column":61}},"type":"cond-expr","locations":[{"start":{"line":27,"column":42},"end":{"line":27,"column":61}},{"start":{"line":27,"column":64},"end":{"line":27,"column":68}}]},"15":{"loc":{"start":{"line":28,"column":31},"end":{"line":28,"column":41}},"type":"cond-expr","locations":[{"start":{"line":28,"column":31},"end":{"line":28,"column":41}},{"start":{"line":28,"column":44},"end":{"line":28,"column":48}}]},"16":{"loc":{"start":{"line":29,"column":39},"end":{"line":29,"column":53}},"type":"cond-expr","locations":[{"start":{"line":29,"column":39},"end":{"line":29,"column":53}},{"start":{"line":29,"column":56},"end":{"line":29,"column":60}}]},"17":{"loc":{"start":{"line":30,"column":57},"end":{"line":30,"column":73}},"type":"cond-expr","locations":[{"start":{"line":30,"column":57},"end":{"line":30,"column":73}},{"start":{"line":30,"column":76},"end":{"line":30,"column":80}}]},"18":{"loc":{"start":{"line":31,"column":35},"end":{"line":31,"column":49}},"type":"cond-expr","locations":[{"start":{"line":31,"column":35},"end":{"line":31,"column":49}},{"start":{"line":31,"column":52},"end":{"line":31,"column":62}}]},"19":{"loc":{"start":{"line":32,"column":35},"end":{"line":32,"column":53}},"type":"cond-expr","locations":[{"start":{"line":32,"column":35},"end":{"line":32,"column":53}},{"start":{"line":32,"column":56},"end":{"line":32,"column":60}}]},"20":{"loc":{"start":{"line":37,"column":4},"end":{"line":39,"column":5}},"type":"if","locations":[{"start":{"line":37,"column":4},"end":{"line":39,"column":5}},{"start":{"line":37,"column":4},"end":{"line":39,"column":5}}]},"21":{"loc":{"start":{"line":37,"column":8},"end":{"line":37,"column":15}},"type":"binary-expr","locations":[{"start":{"line":37,"column":8},"end":{"line":37,"column":15}},{"start":{"line":37,"column":19},"end":{"line":37,"column":33}}]}},"s":{"0":3,"1":1,"2":0,"3":1,"4":1,"5":3},"f":{"0":3,"1":1,"2":1},"b":{"0":[2,1],"1":[2,1],"2":[2,1],"3":[2,1],"4":[2,1],"5":[2,1],"6":[2,1],"7":[2,1],"8":[2,1],"9":[2,1],"10":[2,1],"11":[2,1],"12":[2,1],"13":[2,1],"14":[2,1],"15":[2,1],"16":[2,1],"17":[2,1],"18":[2,1],"19":[2,1],"20":[0,1],"21":[1,1]}}
,"/home/jread/debtpanel/partner-link/src/types/address.ts": {"path":"/home/jread/debtpanel/partner-link/src/types/address.ts","statementMap":{"0":{"start":{"line":1,"column":0},"end":{"line":7,"column":1}},"1":{"start":{"line":9,"column":0},"end":{"line":18,"column":1}}},"fnMap":{},"branchMap":{},"s":{"0":2,"1":2},"f":{},"b":{}}
,"/home/jread/debtpanel/partner-link/src/types/asset.ts": {"path":"/home/jread/debtpanel/partner-link/src/types/asset.ts","statementMap":{"0":{"start":{"line":1,"column":0},"end":{"line":7,"column":1}}},"fnMap":{},"branchMap":{},"s":{"0":2},"f":{},"b":{}}
,"/home/jread/debtpanel/partner-link/src/types/case.ts": {"path":"/home/jread/debtpanel/partner-link/src/types/case.ts","statementMap":{"0":{"start":{"line":4,"column":0},"end":{"line":12,"column":1}},"1":{"start":{"line":14,"column":0},"end":{"line":17,"column":1}},"2":{"start":{"line":19,"column":0},"end":{"line":29,"column":1}}},"fnMap":{},"branchMap":{},"s":{"0":2,"1":2,"2":2},"f":{},"b":{}}
,"/home/jread/debtpanel/partner-link/src/types/credentials.ts": {"path":"/home/jread/debtpanel/partner-link/src/types/credentials.ts","statementMap":{"0":{"start":{"line":12,"column":9},"end":{"line":12,"column":32}},"1":{"start":{"line":1,"column":0},"end":{"line":13,"column":1}}},"fnMap":{"0":{"name":"(anonymous_0)","decl":{"start":{"line":1,"column":0},"end":{"line":null,"column":-1}},"loc":{"start":{"line":1,"column":0},"end":{"line":13,"column":1}}}},"branchMap":{},"s":{"0":0,"1":2},"f":{"0":0},"b":{}}
,"/home/jread/debtpanel/partner-link/src/types/creditor.ts": {"path":"/home/jread/debtpanel/partner-link/src/types/creditor.ts","statementMap":{"0":{"start":{"line":3,"column":0},"end":{"line":21,"column":1}}},"fnMap":{},"branchMap":{},"s":{"0":2},"f":{},"b":{}}
,"/home/jread/debtpanel/partner-link/src/types/document.ts": {"path":"/home/jread/debtpanel/partner-link/src/types/document.ts","statementMap":{"0":{"start":{"line":1,"column":0},"end":{"line":4,"column":1}},"1":{"start":{"line":6,"column":0},"end":{"line":11,"column":1}}},"fnMap":{},"branchMap":{},"s":{"0":2,"1":2},"f":{},"b":{}}
,"/home/jread/debtpanel/partner-link/src/types/error.ts": {"path":"/home/jread/debtpanel/partner-link/src/types/error.ts","statementMap":{"0":{"start":{"line":6,"column":4},"end":{"line":6,"column":19}},"1":{"start":{"line":7,"column":4},"end":{"line":7,"column":21}},"2":{"start":{"line":8,"column":4},"end":{"line":8,"column":35}},"3":{"start":{"line":9,"column":4},"end":{"line":9,"column":54}},"4":{"start":{"line":13,"column":4},"end":{"line":13,"column":31}},"5":{"start":{"line":17,"column":4},"end":{"line":17,"column":26}},"6":{"start":{"line":1,"column":0},"end":{"line":19,"column":1}}},"fnMap":{"0":{"name":"(anonymous_0)","decl":{"start":{"line":5,"column":2},"end":{"line":5,"column":13}},"loc":{"start":{"line":5,"column":43},"end":{"line":10,"column":3}}},"1":{"name":"(anonymous_1)","decl":{"start":{"line":12,"column":9},"end":{"line":12,"column":20}},"loc":{"start":{"line":12,"column":39},"end":{"line":14,"column":3}}},"2":{"name":"(anonymous_2)","decl":{"start":{"line":16,"column":9},"end":{"line":16,"column":20}},"loc":{"start":{"line":16,"column":21},"end":{"line":18,"column":3}}}},"branchMap":{},"s":{"0":4,"1":4,"2":4,"3":4,"4":0,"5":0,"6":2},"f":{"0":4,"1":0,"2":0},"b":{}}
,"/home/jread/debtpanel/partner-link/src/types/income-expenditure.ts": {"path":"/home/jread/debtpanel/partner-link/src/types/income-expenditure.ts","statementMap":{"0":{"start":{"line":1,"column":0},"end":{"line":5,"column":1}},"1":{"start":{"line":7,"column":0},"end":{"line":10,"column":1}}},"fnMap":{},"branchMap":{},"s":{"0":2,"1":2},"f":{},"b":{}}
,"/home/jread/debtpanel/partner-link/src/types/index.ts": {"path":"/home/jread/debtpanel/partner-link/src/types/index.ts","statementMap":{"0":{"start":{"line":1,"column":0},"end":{"line":1,"column":74}},"1":{"start":{"line":1,"column":9},"end":{"line":1,"column":28}},"2":{"start":{"line":1,"column":30},"end":{"line":1,"column":55}},"3":{"start":{"line":2,"column":0},"end":{"line":2,"column":31}},"4":{"start":{"line":2,"column":9},"end":{"line":2,"column":14}},"5":{"start":{"line":3,"column":0},"end":{"line":3,"column":58}},"6":{"start":{"line":3,"column":9},"end":{"line":3,"column":13}},"7":{"start":{"line":3,"column":15},"end":{"line":3,"column":30}},"8":{"start":{"line":3,"column":32},"end":{"line":3,"column":42}},"9":{"start":{"line":4,"column":0},"end":{"line":4,"column":54}},"10":{"start":{"line":4,"column":9},"end":{"line":4,"column":31}},"11":{"start":{"line":5,"column":0},"end":{"line":5,"column":37}},"12":{"start":{"line":5,"column":9},"end":{"line":5,"column":17}},"13":{"start":{"line":6,"column":0},"end":{"line":6,"column":54}},"14":{"start":{"line":6,"column":9},"end":{"line":6,"column":17}},"15":{"start":{"line":6,"column":19},"end":{"line":6,"column":34}},"16":{"start":{"line":7,"column":0},"end":{"line":7,"column":42}},"17":{"start":{"line":7,"column":9},"end":{"line":7,"column":25}},"18":{"start":{"line":8,"column":0},"end":{"line":8,"column":58}},"19":{"start":{"line":8,"column":9},"end":{"line":8,"column":15}},"20":{"start":{"line":8,"column":17},"end":{"line":8,"column":28}},"21":{"start":{"line":9,"column":0},"end":{"line":9,"column":42}},"22":{"start":{"line":9,"column":9},"end":{"line":9,"column":13}},"23":{"start":{"line":9,"column":15},"end":{"line":9,"column":26}},"24":{"start":{"line":10,"column":0},"end":{"line":10,"column":79}},"25":{"start":{"line":10,"column":9},"end":{"line":10,"column":27}},"26":{"start":{"line":10,"column":29},"end":{"line":10,"column":53}},"27":{"start":{"line":10,"column":55},"end":{"line":10,"column":61}},"28":{"start":{"line":11,"column":0},"end":{"line":11,"column":37}},"29":{"start":{"line":11,"column":9},"end":{"line":11,"column":17}},"30":{"start":{"line":12,"column":0},"end":{"line":12,"column":35}},"31":{"start":{"line":12,"column":9},"end":{"line":12,"column":16}}},"fnMap":{},"branchMap":{},"s":{"0":2,"1":2,"2":2,"3":2,"4":2,"5":2,"6":2,"7":2,"8":2,"9":2,"10":2,"11":2,"12":2,"13":2,"14":2,"15":2,"16":2,"17":2,"18":2,"19":2,"20":2,"21":2,"22":2,"23":2,"24":2,"25":2,"26":2,"27":2,"28":2,"29":2,"30":2,"31":2},"f":{},"b":{}}
,"/home/jread/debtpanel/partner-link/src/types/note.ts": {"path":"/home/jread/debtpanel/partner-link/src/types/note.ts","statementMap":{"0":{"start":{"line":1,"column":0},"end":{"line":4,"column":1}},"1":{"start":{"line":6,"column":0},"end":{"line":9,"column":1}}},"fnMap":{},"branchMap":{},"s":{"0":2,"1":2},"f":{},"b":{}}
,"/home/jread/debtpanel/partner-link/src/types/person.ts": {"path":"/home/jread/debtpanel/partner-link/src/types/person.ts","statementMap":{"0":{"start":{"line":5,"column":0},"end":{"line":12,"column":1}},"1":{"start":{"line":14,"column":0},"end":{"line":18,"column":1}},"2":{"start":{"line":20,"column":0},"end":{"line":36,"column":1}}},"fnMap":{},"branchMap":{},"s":{"0":2,"1":2,"2":2},"f":{},"b":{}}
,"/home/jread/debtpanel/partner-link/src/types/property.ts": {"path":"/home/jread/debtpanel/partner-link/src/types/property.ts","statementMap":{"0":{"start":{"line":3,"column":0},"end":{"line":31,"column":1}}},"fnMap":{},"branchMap":{},"s":{"0":2},"f":{},"b":{}}
,"/home/jread/debtpanel/partner-link/src/types/vehicle.ts": {"path":"/home/jread/debtpanel/partner-link/src/types/vehicle.ts","statementMap":{"0":{"start":{"line":3,"column":0},"end":{"line":6,"column":1}},"1":{"start":{"line":8,"column":0},"end":{"line":31,"column":1}}},"fnMap":{},"branchMap":{},"s":{"0":2,"1":2},"f":{},"b":{}}
}
