TN:
SF:/home/jread/debtpanel/partner-link/src/index.ts
FN:11,(anonymous_1)
FN:19,(anonymous_2)
FNF:2
FNH:1
FNDA:2,(anonymous_1)
FNDA:0,(anonymous_2)
DA:1,1
DA:2,1
DA:4,1
DA:6,1
DA:12,2
DA:13,2
DA:15,0
DA:16,0
DA:20,0
DA:21,0
LF:10
LH:6
BRDA:12,0,0,2
BRDA:12,0,1,0
BRDA:12,1,0,2
BRDA:12,1,1,0
BRF:4
BRH:2
end_of_record
TN:
SF:/home/jread/debtpanel/partner-link/src/services/credentials.ts
FN:6,(anonymous_0)
FNF:1
FNH:1
FNDA:2,(anonymous_0)
DA:1,2
DA:3,2
DA:7,2
DA:8,2
DA:11,0
LF:5
LH:4
BRDA:7,0,0,2
BRDA:7,0,1,0
BRDA:7,1,0,2
BRDA:7,1,1,0
BRF:4
BRH:2
end_of_record
TN:
SF:/home/jread/debtpanel/partner-link/src/services/credit-search.ts
FN:25,(anonymous_0)
FN:29,(anonymous_1)
FN:37,(anonymous_2)
FN:42,(anonymous_3)
FN:54,(anonymous_4)
FN:73,(anonymous_5)
FN:77,(anonymous_6)
FN:87,(anonymous_7)
FN:88,(anonymous_8)
FN:90,(anonymous_9)
FN:106,(anonymous_10)
FN:110,(anonymous_11)
FN:113,(anonymous_12)
FN:121,(anonymous_13)
FN:126,(anonymous_14)
FN:128,(anonymous_15)
FN:129,(anonymous_16)
FN:134,(anonymous_17)
FN:142,(anonymous_18)
FN:144,(anonymous_19)
FN:152,(anonymous_20)
FNF:21
FNH:0
FNDA:0,(anonymous_0)
FNDA:0,(anonymous_1)
FNDA:0,(anonymous_2)
FNDA:0,(anonymous_3)
FNDA:0,(anonymous_4)
FNDA:0,(anonymous_5)
FNDA:0,(anonymous_6)
FNDA:0,(anonymous_7)
FNDA:0,(anonymous_8)
FNDA:0,(anonymous_9)
FNDA:0,(anonymous_10)
FNDA:0,(anonymous_11)
FNDA:0,(anonymous_12)
FNDA:0,(anonymous_13)
FNDA:0,(anonymous_14)
FNDA:0,(anonymous_15)
FNDA:0,(anonymous_16)
FNDA:0,(anonymous_17)
FNDA:0,(anonymous_18)
FNDA:0,(anonymous_19)
FNDA:0,(anonymous_20)
DA:1,2
DA:2,2
DA:9,2
DA:17,2
DA:28,0
DA:30,0
DA:38,0
DA:43,0
DA:44,0
DA:52,0
DA:55,0
DA:76,0
DA:78,0
DA:79,0
DA:85,0
DA:88,0
DA:91,0
DA:109,0
DA:111,0
DA:114,0
DA:122,0
DA:127,0
DA:128,0
DA:130,0
DA:131,0
DA:135,0
DA:143,0
DA:145,0
DA:153,0
LF:29
LH:4
BRDA:43,0,0,0
BRDA:43,0,1,0
BRDA:57,1,0,0
BRDA:57,1,1,0
BRDA:61,2,0,0
BRDA:61,2,1,0
BRDA:78,3,0,0
BRDA:78,3,1,0
BRDA:93,4,0,0
BRDA:93,4,1,0
BRDA:95,5,0,0
BRDA:95,5,1,0
BRDA:136,6,0,0
BRDA:136,6,1,0
BRDA:137,7,0,0
BRDA:137,7,1,0
BRF:16
BRH:0
end_of_record
TN:
SF:/home/jread/debtpanel/partner-link/src/services/index.ts
FNF:0
FNH:0
DA:1,1
DA:2,1
LF:2
LH:2
BRF:0
BRH:0
end_of_record
TN:
SF:/home/jread/debtpanel/partner-link/src/services/service.ts
FN:9,(anonymous_6)
FN:14,(anonymous_7)
FN:33,(anonymous_8)
FN:41,(anonymous_9)
FN:60,(anonymous_11)
FN:68,(anonymous_12)
FN:85,(anonymous_13)
FN:93,(anonymous_14)
FN:99,(anonymous_15)
FN:110,(anonymous_16)
FN:116,(anonymous_17)
FNF:11
FNH:1
FNDA:2,(anonymous_6)
FNDA:0,(anonymous_7)
FNDA:0,(anonymous_8)
FNDA:0,(anonymous_9)
FNDA:0,(anonymous_11)
FNDA:0,(anonymous_12)
FNDA:0,(anonymous_13)
FNDA:0,(anonymous_14)
FNDA:0,(anonymous_15)
FNDA:0,(anonymous_16)
FNDA:0,(anonymous_17)
DA:1,2
DA:3,2
DA:6,2
DA:7,0
DA:10,2
DA:11,0
DA:20,0
DA:30,0
DA:31,0
DA:33,0
DA:34,0
DA:35,0
DA:37,0
DA:46,0
DA:57,0
DA:58,0
DA:60,0
DA:61,0
DA:62,0
DA:64,0
DA:73,0
DA:82,0
DA:83,0
DA:85,0
DA:86,0
DA:87,0
DA:89,0
DA:94,0
DA:95,0
DA:100,0
DA:110,0
DA:111,0
DA:112,0
DA:117,0
LF:34
LH:4
BRDA:30,0,0,0
BRDA:30,0,1,0
BRDA:34,1,0,0
BRDA:34,1,1,0
BRDA:52,2,0,0
BRDA:52,2,1,0
BRDA:57,3,0,0
BRDA:57,3,1,0
BRDA:61,4,0,0
BRDA:61,4,1,0
BRDA:82,5,0,0
BRDA:82,5,1,0
BRDA:86,6,0,0
BRDA:86,6,1,0
BRDA:94,7,0,0
BRDA:94,7,1,0
BRF:16
BRH:0
end_of_record
TN:
SF:/home/jread/debtpanel/partner-link/src/services/submission.ts
FN:23,(anonymous_0)
FN:28,(anonymous_1)
FN:33,(anonymous_2)
FN:42,(anonymous_3)
FN:45,(anonymous_4)
FN:55,(anonymous_5)
FN:62,(anonymous_6)
FN:72,(anonymous_7)
FN:81,(anonymous_8)
FN:88,(anonymous_9)
FN:97,(anonymous_10)
FN:98,(anonymous_11)
FN:107,(anonymous_12)
FN:115,(anonymous_13)
FN:124,(anonymous_14)
FN:125,(anonymous_15)
FN:134,(anonymous_16)
FN:140,(anonymous_17)
FN:141,(anonymous_18)
FN:154,(anonymous_19)
FN:161,(anonymous_20)
FN:163,(anonymous_21)
FN:164,(anonymous_22)
FN:175,(anonymous_23)
FN:182,(anonymous_24)
FN:194,(anonymous_25)
FN:195,(anonymous_26)
FNF:27
FNH:0
FNDA:0,(anonymous_0)
FNDA:0,(anonymous_1)
FNDA:0,(anonymous_2)
FNDA:0,(anonymous_3)
FNDA:0,(anonymous_4)
FNDA:0,(anonymous_5)
FNDA:0,(anonymous_6)
FNDA:0,(anonymous_7)
FNDA:0,(anonymous_8)
FNDA:0,(anonymous_9)
FNDA:0,(anonymous_10)
FNDA:0,(anonymous_11)
FNDA:0,(anonymous_12)
FNDA:0,(anonymous_13)
FNDA:0,(anonymous_14)
FNDA:0,(anonymous_15)
FNDA:0,(anonymous_16)
FNDA:0,(anonymous_17)
FNDA:0,(anonymous_18)
FNDA:0,(anonymous_19)
FNDA:0,(anonymous_20)
FNDA:0,(anonymous_21)
FNDA:0,(anonymous_22)
FNDA:0,(anonymous_23)
FNDA:0,(anonymous_24)
FNDA:0,(anonymous_25)
FNDA:0,(anonymous_26)
DA:1,1
DA:3,1
DA:11,1
DA:21,1
DA:23,1
DA:24,0
DA:29,0
DA:30,0
DA:32,0
DA:34,0
DA:43,0
DA:46,0
DA:48,0
DA:59,0
DA:60,0
DA:61,0
DA:63,0
DA:70,0
DA:73,0
DA:74,0
DA:85,0
DA:86,0
DA:87,0
DA:89,0
DA:97,0
DA:99,0
DA:100,0
DA:111,0
DA:113,0
DA:114,0
DA:116,0
DA:124,0
DA:126,0
DA:127,0
DA:138,0
DA:139,0
DA:140,0
DA:142,0
DA:143,0
DA:158,0
DA:160,0
DA:161,0
DA:163,0
DA:165,0
DA:166,0
DA:170,0
DA:171,0
DA:179,0
DA:180,0
DA:181,0
DA:183,0
DA:194,0
DA:196,0
DA:198,0
LF:54
LH:5
BRDA:49,0,0,0
BRDA:49,0,1,0
BRDA:50,1,0,0
BRDA:50,1,1,0
BRDA:75,2,0,0
BRDA:75,2,1,0
BRDA:76,3,0,0
BRDA:76,3,1,0
BRDA:101,4,0,0
BRDA:101,4,1,0
BRDA:102,5,0,0
BRDA:102,5,1,0
BRDA:128,6,0,0
BRDA:128,6,1,0
BRDA:129,7,0,0
BRDA:129,7,1,0
BRDA:145,8,0,0
BRDA:145,8,1,0
BRDA:149,9,0,0
BRDA:149,9,1,0
BRDA:167,10,0,0
BRDA:167,10,1,0
BRDA:168,11,0,0
BRDA:168,11,1,0
BRDA:200,12,0,0
BRDA:200,12,1,0
BRDA:202,13,0,0
BRDA:202,13,1,0
BRF:28
BRH:0
end_of_record
TN:
SF:/home/jread/debtpanel/partner-link/src/transformers/address.ts
FN:14,(anonymous_0)
FN:85,(anonymous_1)
FN:92,(anonymous_2)
FN:94,(anonymous_3)
FN:95,(anonymous_4)
FN:109,(anonymous_5)
FN:111,(anonymous_6)
FN:113,(anonymous_7)
FN:118,(anonymous_8)
FN:119,(anonymous_9)
FN:124,(anonymous_10)
FN:130,(anonymous_11)
FN:157,(anonymous_12)
FN:161,(anonymous_13)
FN:169,(anonymous_14)
FNF:15
FNH:0
FNDA:0,(anonymous_0)
FNDA:0,(anonymous_1)
FNDA:0,(anonymous_2)
FNDA:0,(anonymous_3)
FNDA:0,(anonymous_4)
FNDA:0,(anonymous_5)
FNDA:0,(anonymous_6)
FNDA:0,(anonymous_7)
FNDA:0,(anonymous_8)
FNDA:0,(anonymous_9)
FNDA:0,(anonymous_10)
FNDA:0,(anonymous_11)
FNDA:0,(anonymous_12)
FNDA:0,(anonymous_13)
FNDA:0,(anonymous_14)
DA:1,2
DA:6,2
DA:12,2
DA:15,0
DA:20,0
DA:26,0
DA:31,0
DA:34,0
DA:39,0
DA:42,0
DA:47,0
DA:50,0
DA:55,0
DA:58,0
DA:61,0
DA:62,0
DA:64,0
DA:86,0
DA:90,2
DA:93,0
DA:94,0
DA:96,0
DA:98,0
DA:99,0
DA:100,0
DA:101,0
DA:102,0
DA:103,0
DA:105,0
DA:110,0
DA:111,0
DA:114,0
DA:118,0
DA:120,0
DA:124,0
DA:128,2
DA:131,0
DA:136,0
DA:143,0
DA:158,0
DA:161,0
DA:170,0
DA:172,0
DA:174,0
DA:176,0
LF:45
LH:5
BRDA:15,0,0,0
BRDA:15,0,1,0
BRDA:16,1,0,0
BRDA:16,1,1,0
BRDA:16,1,2,0
BRDA:26,2,0,0
BRDA:26,2,1,0
BRDA:27,3,0,0
BRDA:27,3,1,0
BRDA:27,3,2,0
BRDA:34,4,0,0
BRDA:34,4,1,0
BRDA:35,5,0,0
BRDA:35,5,1,0
BRDA:35,5,2,0
BRDA:42,6,0,0
BRDA:42,6,1,0
BRDA:43,7,0,0
BRDA:43,7,1,0
BRDA:43,7,2,0
BRDA:50,8,0,0
BRDA:50,8,1,0
BRDA:51,9,0,0
BRDA:51,9,1,0
BRDA:51,9,2,0
BRDA:62,10,0,0
BRDA:62,10,1,0
BRDA:131,11,0,0
BRDA:131,11,1,0
BRDA:132,12,0,0
BRDA:132,12,1,0
BRDA:132,12,2,0
BRDA:171,13,0,0
BRDA:171,13,1,0
BRDA:171,13,2,0
BRF:35
BRH:0
end_of_record
TN:
SF:/home/jread/debtpanel/partner-link/src/transformers/asset.ts
FN:5,(anonymous_0)
FN:15,(anonymous_1)
FN:21,(anonymous_2)
FNF:3
FNH:0
FNDA:0,(anonymous_0)
FNDA:0,(anonymous_1)
FNDA:0,(anonymous_2)
DA:4,2
DA:6,0
DA:16,0
DA:17,0
DA:20,0
DA:21,0
LF:6
LH:1
BRDA:16,0,0,0
BRDA:16,0,1,0
BRDA:16,1,0,0
BRDA:16,1,1,0
BRF:4
BRH:0
end_of_record
TN:
SF:/home/jread/debtpanel/partner-link/src/transformers/case.ts
FN:18,(anonymous_0)
FN:95,(anonymous_1)
FN:102,(anonymous_2)
FN:108,(anonymous_3)
FN:120,(anonymous_4)
FN:181,(anonymous_5)
FN:186,(anonymous_6)
FN:199,(anonymous_7)
FN:206,(anonymous_8)
FN:208,(anonymous_9)
FN:209,(anonymous_10)
FN:216,(anonymous_11)
FN:226,(anonymous_12)
FNF:13
FNH:0
FNDA:0,(anonymous_0)
FNDA:0,(anonymous_1)
FNDA:0,(anonymous_2)
FNDA:0,(anonymous_3)
FNDA:0,(anonymous_4)
FNDA:0,(anonymous_5)
FNDA:0,(anonymous_6)
FNDA:0,(anonymous_7)
FNDA:0,(anonymous_8)
FNDA:0,(anonymous_9)
FNDA:0,(anonymous_10)
FNDA:0,(anonymous_11)
FNDA:0,(anonymous_12)
DA:1,2
DA:2,2
DA:3,2
DA:8,2
DA:13,2
DA:14,2
DA:16,2
DA:19,0
DA:23,0
DA:29,0
DA:35,0
DA:42,0
DA:45,0
DA:46,0
DA:48,0
DA:51,0
DA:52,0
DA:56,0
DA:57,0
DA:60,0
DA:61,0
DA:66,0
DA:96,0
DA:103,0
DA:109,0
DA:121,0
DA:182,0
DA:187,0
DA:196,0
DA:200,0
DA:204,2
DA:207,0
DA:208,0
DA:210,0
DA:211,0
DA:214,0
DA:217,0
DA:219,0
DA:220,0
DA:222,0
DA:228,0
LF:41
LH:8
BRDA:19,0,0,0
BRDA:19,0,1,0
BRDA:20,1,0,0
BRDA:20,1,1,0
BRDA:29,2,0,0
BRDA:29,2,1,0
BRDA:30,3,0,0
BRDA:30,3,1,0
BRDA:30,3,2,0
BRDA:30,3,3,0
BRDA:53,4,0,0
BRDA:53,4,1,0
BRDA:56,5,0,0
BRDA:56,5,1,0
BRDA:62,6,0,0
BRDA:62,6,1,0
BRDA:74,7,0,0
BRDA:74,7,1,0
BRDA:84,8,0,0
BRDA:84,8,1,0
BRDA:87,9,0,0
BRDA:87,9,1,0
BRDA:90,10,0,0
BRDA:90,10,1,0
BRDA:131,11,0,0
BRDA:131,11,1,0
BRDA:133,12,0,0
BRDA:133,12,1,0
BRDA:141,13,0,0
BRDA:141,13,1,0
BRDA:143,14,0,0
BRDA:143,14,1,0
BRDA:145,15,0,0
BRDA:145,15,1,0
BRDA:148,16,0,0
BRDA:148,16,1,0
BRDA:151,17,0,0
BRDA:151,17,1,0
BRDA:154,18,0,0
BRDA:154,18,1,0
BRDA:156,19,0,0
BRDA:156,19,1,0
BRDA:158,20,0,0
BRDA:158,20,1,0
BRDA:161,21,0,0
BRDA:161,21,1,0
BRDA:164,22,0,0
BRDA:164,22,1,0
BRDA:167,23,0,0
BRDA:167,23,1,0
BRDA:170,24,0,0
BRDA:170,24,1,0
BRDA:173,25,0,0
BRDA:173,25,1,0
BRDA:175,26,0,0
BRDA:175,26,1,0
BRDA:181,27,0,0
BRDA:181,27,1,0
BRDA:186,28,0,0
BRDA:186,28,1,0
BRDA:210,29,0,0
BRDA:210,29,1,0
BRF:62
BRH:0
end_of_record
TN:
SF:/home/jread/debtpanel/partner-link/src/transformers/creditor.ts
FN:7,(anonymous_0)
FN:29,(anonymous_1)
FN:57,(anonymous_2)
FN:64,(anonymous_3)
FN:73,(anonymous_4)
FNF:5
FNH:0
FNDA:0,(anonymous_0)
FNDA:0,(anonymous_1)
FNDA:0,(anonymous_2)
FNDA:0,(anonymous_3)
FNDA:0,(anonymous_4)
DA:1,2
DA:2,2
DA:3,2
DA:5,2
DA:8,0
DA:10,0
DA:11,0
DA:12,0
DA:13,0
DA:14,0
DA:15,0
DA:16,0
DA:19,0
DA:20,0
DA:21,0
DA:22,0
DA:23,0
DA:24,0
DA:26,0
DA:30,0
DA:58,0
DA:59,0
DA:62,0
DA:64,0
DA:70,0
DA:74,0
LF:26
LH:4
BRDA:35,0,0,0
BRDA:35,0,1,0
BRDA:38,1,0,0
BRDA:38,1,1,0
BRDA:40,2,0,0
BRDA:40,2,1,0
BRDA:44,3,0,0
BRDA:44,3,1,0
BRDA:49,4,0,0
BRDA:49,4,1,0
BRDA:52,5,0,0
BRDA:52,5,1,0
BRDA:58,6,0,0
BRDA:58,6,1,0
BRDA:58,7,0,0
BRDA:58,7,1,0
BRF:16
BRH:0
end_of_record
TN:
SF:/home/jread/debtpanel/partner-link/src/transformers/document.ts
FN:9,(anonymous_0)
FN:21,(anonymous_1)
FNF:2
FNH:0
FNDA:0,(anonymous_0)
FNDA:0,(anonymous_1)
DA:8,2
DA:10,0
DA:22,0
LF:3
LH:1
BRF:0
BRH:0
end_of_record
TN:
SF:/home/jread/debtpanel/partner-link/src/transformers/income-expenditure.ts
FN:5,(anonymous_0)
FN:13,(anonymous_1)
FN:19,(anonymous_2)
FN:25,(anonymous_3)
FN:32,(anonymous_4)
FN:39,(anonymous_5)
FNF:6
FNH:0
FNDA:0,(anonymous_0)
FNDA:0,(anonymous_1)
FNDA:0,(anonymous_2)
FNDA:0,(anonymous_3)
FNDA:0,(anonymous_4)
FNDA:0,(anonymous_5)
DA:4,2
DA:6,0
DA:14,0
DA:15,0
DA:18,0
DA:19,0
DA:24,2
DA:26,0
DA:33,0
DA:34,0
DA:37,0
DA:39,0
LF:12
LH:2
BRDA:9,0,0,0
BRDA:9,0,1,0
BRDA:14,1,0,0
BRDA:14,1,1,0
BRDA:14,2,0,0
BRDA:14,2,1,0
BRDA:33,3,0,0
BRDA:33,3,1,0
BRDA:33,4,0,0
BRDA:33,4,1,0
BRF:10
BRH:0
end_of_record
TN:
SF:/home/jread/debtpanel/partner-link/src/transformers/index.ts
FNF:0
FNH:0
DA:1,2
DA:2,2
DA:3,2
DA:4,2
DA:6,2
DA:7,2
DA:8,2
DA:9,2
DA:10,2
DA:11,2
DA:12,2
DA:14,2
DA:15,2
DA:16,2
DA:17,2
DA:18,2
DA:20,2
DA:21,2
LF:18
LH:18
BRF:0
BRH:0
end_of_record
TN:
SF:/home/jread/debtpanel/partner-link/src/transformers/note.ts
FN:6,(anonymous_0)
FN:11,(anonymous_1)
FN:25,(anonymous_2)
FNF:3
FNH:0
FNDA:0,(anonymous_0)
FNDA:0,(anonymous_1)
FNDA:0,(anonymous_2)
DA:2,2
DA:4,2
DA:7,0
DA:12,0
DA:26,0
LF:5
LH:2
BRDA:13,0,0,0
BRDA:13,0,1,0
BRDA:15,1,0,0
BRDA:15,1,1,0
BRF:4
BRH:0
end_of_record
TN:
SF:/home/jread/debtpanel/partner-link/src/transformers/person.ts
FN:15,(anonymous_0)
FN:122,(anonymous_1)
FN:128,(anonymous_2)
FN:146,(anonymous_3)
FN:148,(anonymous_4)
FN:150,(anonymous_5)
FN:155,(anonymous_6)
FN:163,(anonymous_7)
FN:165,(anonymous_8)
FN:167,(anonymous_9)
FN:172,(anonymous_10)
FN:173,(anonymous_11)
FN:174,(anonymous_12)
FN:179,(anonymous_13)
FN:189,(anonymous_14)
FN:192,(anonymous_15)
FNF:16
FNH:0
FNDA:0,(anonymous_0)
FNDA:0,(anonymous_1)
FNDA:0,(anonymous_2)
FNDA:0,(anonymous_3)
FNDA:0,(anonymous_4)
FNDA:0,(anonymous_5)
FNDA:0,(anonymous_6)
FNDA:0,(anonymous_7)
FNDA:0,(anonymous_8)
FNDA:0,(anonymous_9)
FNDA:0,(anonymous_10)
FNDA:0,(anonymous_11)
FNDA:0,(anonymous_12)
FNDA:0,(anonymous_13)
FNDA:0,(anonymous_14)
FNDA:0,(anonymous_15)
DA:1,2
DA:6,2
DA:7,2
DA:13,2
DA:16,0
DA:17,0
DA:20,0
DA:123,0
DA:127,2
DA:129,0
DA:147,0
DA:148,0
DA:151,0
DA:156,0
DA:161,2
DA:164,0
DA:165,0
DA:168,0
DA:172,0
DA:173,0
DA:175,0
DA:177,0
DA:178,0
DA:180,0
DA:185,0
DA:190,0
DA:192,0
LF:27
LH:6
BRDA:16,0,0,0
BRDA:16,0,1,0
BRDA:27,1,0,0
BRDA:27,1,1,0
BRDA:27,2,0,0
BRDA:27,2,1,0
BRDA:35,3,0,0
BRDA:35,3,1,0
BRDA:34,4,0,0
BRDA:34,4,1,0
BRDA:40,5,0,0
BRDA:40,5,1,0
BRDA:39,6,0,0
BRDA:39,6,1,0
BRDA:45,7,0,0
BRDA:45,7,1,0
BRDA:44,8,0,0
BRDA:44,8,1,0
BRDA:50,9,0,0
BRDA:50,9,1,0
BRDA:49,10,0,0
BRDA:49,10,1,0
BRDA:55,11,0,0
BRDA:55,11,1,0
BRDA:54,12,0,0
BRDA:54,12,1,0
BRDA:61,13,0,0
BRDA:61,13,1,0
BRDA:60,14,0,0
BRDA:60,14,1,0
BRDA:66,15,0,0
BRDA:66,15,1,0
BRDA:65,16,0,0
BRDA:65,16,1,0
BRDA:71,17,0,0
BRDA:71,17,1,0
BRDA:70,18,0,0
BRDA:70,18,1,0
BRDA:76,19,0,0
BRDA:76,19,1,0
BRDA:75,20,0,0
BRDA:75,20,1,0
BRDA:81,21,0,0
BRDA:81,21,1,0
BRDA:80,22,0,0
BRDA:80,22,1,0
BRDA:87,23,0,0
BRDA:87,23,1,0
BRDA:86,24,0,0
BRDA:86,24,1,0
BRDA:92,25,0,0
BRDA:92,25,1,0
BRDA:91,26,0,0
BRDA:91,26,1,0
BRDA:97,27,0,0
BRDA:97,27,1,0
BRDA:96,28,0,0
BRDA:96,28,1,0
BRDA:102,29,0,0
BRDA:102,29,1,0
BRDA:101,30,0,0
BRDA:101,30,1,0
BRDA:107,31,0,0
BRDA:107,31,1,0
BRDA:106,32,0,0
BRDA:106,32,1,0
BRF:66
BRH:0
end_of_record
TN:
SF:/home/jread/debtpanel/partner-link/src/transformers/property.ts
FN:5,(anonymous_0)
FN:37,(anonymous_1)
FN:43,(anonymous_2)
FNF:3
FNH:0
FNDA:0,(anonymous_0)
FNDA:0,(anonymous_1)
FNDA:0,(anonymous_2)
DA:4,2
DA:6,0
DA:38,0
DA:39,0
DA:42,0
DA:43,0
LF:6
LH:1
BRDA:16,0,0,0
BRDA:16,0,1,0
BRDA:17,1,0,0
BRDA:17,1,1,0
BRDA:24,2,0,0
BRDA:24,2,1,0
BRDA:38,3,0,0
BRDA:38,3,1,0
BRDA:38,4,0,0
BRDA:38,4,1,0
BRF:10
BRH:0
end_of_record
TN:
SF:/home/jread/debtpanel/partner-link/src/transformers/transformer.ts
FN:5,(anonymous_0)
FN:6,(anonymous_1)
FN:7,(anonymous_2)
FN:17,(anonymous_3)
FN:20,(anonymous_4)
FN:24,(anonymous_5)
FN:25,(anonymous_6)
FNF:7
FNH:0
FNDA:0,(anonymous_0)
FNDA:0,(anonymous_1)
FNDA:0,(anonymous_2)
FNDA:0,(anonymous_3)
FNDA:0,(anonymous_4)
FNDA:0,(anonymous_5)
FNDA:0,(anonymous_6)
DA:1,2
DA:2,2
DA:4,2
DA:6,0
DA:7,0
DA:8,0
DA:9,0
DA:12,0
DA:18,0
DA:20,0
DA:25,0
DA:26,0
DA:27,0
DA:30,0
DA:31,0
DA:35,0
LF:16
LH:3
BRDA:8,0,0,0
BRDA:8,0,1,0
BRDA:26,1,0,0
BRDA:26,1,1,0
BRDA:30,2,0,0
BRDA:30,2,1,0
BRDA:30,3,0,0
BRDA:30,3,1,0
BRF:8
BRH:0
end_of_record
TN:
SF:/home/jread/debtpanel/partner-link/src/transformers/vehicle.ts
FN:5,(anonymous_0)
FN:36,(anonymous_1)
FN:42,(anonymous_2)
FNF:3
FNH:3
FNDA:3,(anonymous_0)
FNDA:1,(anonymous_1)
FNDA:1,(anonymous_2)
DA:4,3
DA:6,3
DA:37,1
DA:38,0
DA:41,1
DA:42,1
LF:6
LH:5
BRDA:7,0,0,2
BRDA:7,0,1,1
BRDA:8,1,0,2
BRDA:8,1,1,1
BRDA:9,2,0,2
BRDA:9,2,1,1
BRDA:10,3,0,2
BRDA:10,3,1,1
BRDA:11,4,0,2
BRDA:11,4,1,1
BRDA:13,5,0,2
BRDA:13,5,1,1
BRDA:16,6,0,2
BRDA:16,6,1,1
BRDA:18,7,0,2
BRDA:18,7,1,1
BRDA:19,8,0,2
BRDA:19,8,1,1
BRDA:20,9,0,2
BRDA:20,9,1,1
BRDA:21,10,0,2
BRDA:21,10,1,1
BRDA:22,11,0,2
BRDA:22,11,1,1
BRDA:25,12,0,2
BRDA:25,12,1,1
BRDA:26,13,0,2
BRDA:26,13,1,1
BRDA:27,14,0,2
BRDA:27,14,1,1
BRDA:28,15,0,2
BRDA:28,15,1,1
BRDA:29,16,0,2
BRDA:29,16,1,1
BRDA:30,17,0,2
BRDA:30,17,1,1
BRDA:31,18,0,2
BRDA:31,18,1,1
BRDA:32,19,0,2
BRDA:32,19,1,1
BRDA:37,20,0,0
BRDA:37,20,1,1
BRDA:37,21,0,1
BRDA:37,21,1,1
BRF:44
BRH:43
end_of_record
TN:
SF:/home/jread/debtpanel/partner-link/src/types/address.ts
FNF:0
FNH:0
DA:1,2
DA:9,2
LF:2
LH:2
BRF:0
BRH:0
end_of_record
TN:
SF:/home/jread/debtpanel/partner-link/src/types/asset.ts
FNF:0
FNH:0
DA:1,2
LF:1
LH:1
BRF:0
BRH:0
end_of_record
TN:
SF:/home/jread/debtpanel/partner-link/src/types/case.ts
FNF:0
FNH:0
DA:4,2
DA:14,2
DA:19,2
LF:3
LH:3
BRF:0
BRH:0
end_of_record
TN:
SF:/home/jread/debtpanel/partner-link/src/types/credentials.ts
FN:1,(anonymous_0)
FNF:1
FNH:0
FNDA:0,(anonymous_0)
DA:1,2
DA:12,0
LF:2
LH:1
BRF:0
BRH:0
end_of_record
TN:
SF:/home/jread/debtpanel/partner-link/src/types/creditor.ts
FNF:0
FNH:0
DA:3,2
LF:1
LH:1
BRF:0
BRH:0
end_of_record
TN:
SF:/home/jread/debtpanel/partner-link/src/types/document.ts
FNF:0
FNH:0
DA:1,2
DA:6,2
LF:2
LH:2
BRF:0
BRH:0
end_of_record
TN:
SF:/home/jread/debtpanel/partner-link/src/types/error.ts
FN:5,(anonymous_0)
FN:12,(anonymous_1)
FN:16,(anonymous_2)
FNF:3
FNH:1
FNDA:4,(anonymous_0)
FNDA:0,(anonymous_1)
FNDA:0,(anonymous_2)
DA:1,2
DA:6,4
DA:7,4
DA:8,4
DA:9,4
DA:13,0
DA:17,0
LF:7
LH:5
BRF:0
BRH:0
end_of_record
TN:
SF:/home/jread/debtpanel/partner-link/src/types/income-expenditure.ts
FNF:0
FNH:0
DA:1,2
DA:7,2
LF:2
LH:2
BRF:0
BRH:0
end_of_record
TN:
SF:/home/jread/debtpanel/partner-link/src/types/index.ts
FNF:0
FNH:0
DA:1,2
DA:2,2
DA:3,2
DA:4,2
DA:5,2
DA:6,2
DA:7,2
DA:8,2
DA:9,2
DA:10,2
DA:11,2
DA:12,2
LF:12
LH:12
BRF:0
BRH:0
end_of_record
TN:
SF:/home/jread/debtpanel/partner-link/src/types/note.ts
FNF:0
FNH:0
DA:1,2
DA:6,2
LF:2
LH:2
BRF:0
BRH:0
end_of_record
TN:
SF:/home/jread/debtpanel/partner-link/src/types/person.ts
FNF:0
FNH:0
DA:5,2
DA:14,2
DA:20,2
LF:3
LH:3
BRF:0
BRH:0
end_of_record
TN:
SF:/home/jread/debtpanel/partner-link/src/types/property.ts
FNF:0
FNH:0
DA:3,2
LF:1
LH:1
BRF:0
BRH:0
end_of_record
TN:
SF:/home/jread/debtpanel/partner-link/src/types/vehicle.ts
FNF:0
FNH:0
DA:3,2
DA:8,2
LF:2
LH:2
BRF:0
BRH:0
end_of_record
